#
# A fatal error has been detected by the Java Runtime Environment:
#
#  Internal Error (./src/hotspot/cpu/x86/assembler_x86.cpp:1006), pid=3796, tid=4520
#  Error: ShouldNotReachHere()
#
# JRE version: OpenJDK Runtime Environment (11.0.10) (build 11.0.10+0-b96-7249189)
# Java VM: OpenJDK 64-Bit Server VM (11.0.10+0-b96-7249189, mixed mode, tiered, compressed oops, g1 gc, windows-amd64)
# No core dump will be written. Minidumps are not enabled by default on client versions of Windows
#
# If you would like to submit a bug report, please visit:
#   https://bugreport.java.com/bugreport/crash.jsp
#

---------------  S U M M A R Y ------------

Command Line: --add-opens=java.base/java.util=ALL-UNNAMED --add-opens=java.base/java.lang=ALL-UNNAMED --add-opens=java.base/java.lang.invoke=ALL-UNNAMED --add-opens=java.base/java.util=ALL-UNNAMED --add-opens=java.prefs/java.util.prefs=ALL-UNNAMED --add-opens=java.prefs/java.util.prefs=ALL-UNNAMED --add-opens=java.base/java.nio.charset=ALL-UNNAMED --add-opens=java.base/java.net=ALL-UNNAMED --add-opens=java.base/java.util.concurrent.atomic=ALL-UNNAMED -Xmx2048m -Dfile.encoding=UTF-8 -Duser.country=BR -Duser.language=pt -Duser.variant org.gradle.launcher.daemon.bootstrap.GradleDaemon 7.0.2

Host: Intel(R) Core(TM) i5-3337U CPU @ 1.80GHz, 4 cores, 11G,  Windows 7 , 64 bit Build 7601 (6.1.7601.17514)
Time: Thu Oct 28 19:15:54 2021 Hora oficial do Brasil elapsed time: 2226.432712 seconds (0d 0h 37m 6s)

---------------  T H R E A D  ---------------

Current thread (0x000000005f64e800):  GCTaskThread "GC Thread#2" [stack: 0x000000005f9c0000,0x000000005fac0000] [id=4520]

Stack: [0x000000005f9c0000,0x000000005fac0000]
[error occurred during error reporting (printing stack bounds), id 0xc0000005, EXCEPTION_ACCESS_VIOLATION (0xc0000005) at pc=0x0000000006160f2d]

Native frames: (J=compiled Java code, j=interpreted, Vv=VM code, C=native code)
V  [jvm.dll+0x5ecfaa]
V  [jvm.dll+0x722bd5]
V  [jvm.dll+0x72412d]
V  [jvm.dll+0x724745]
V  [jvm.dll+0x7246fb]
V  [jvm.dll+0x5ec348]
V  [jvm.dll+0x5ecad8]
C  [ntdll.dll+0x29d0d]
C  [ntdll.dll+0x191af]
C  [ntdll.dll+0x51278]
C  0x0000000006160f2d


---------------  P R O C E S S  ---------------

Threads class SMR info:
_java_thread_list=0x000000006c8181e0, length=50, elements={
0x000000000033a800, 0x000000005d8fb000, 0x000000005d905800, 0x000000005d911000,
0x000000005d914800, 0x000000005d917800, 0x000000005d91e000, 0x000000005d91f800,
0x000000005d921000, 0x000000005e791000, 0x000000005fd75800, 0x0000000060808000,
0x000000006087a000, 0x0000000061610800, 0x0000000061611800, 0x0000000061612000,
0x0000000061614000, 0x0000000061614800, 0x000000006235b800, 0x0000000062f1a800,
0x0000000062f1b800, 0x0000000062f1c000, 0x00000000623d8000, 0x00000000623dd000,
0x000000006051b000, 0x0000000062e11000, 0x000000006010a800, 0x000000006010a000,
0x000000006010b800, 0x000000006010e000, 0x000000006010f800, 0x000000006010d000,
0x000000006010e800, 0x000000006010c800, 0x0000000060110800, 0x0000000062e13800,
0x0000000062e0d800, 0x0000000062e12800, 0x0000000062e10000, 0x0000000062e0f800,
0x00000000616e7000, 0x00000000616e8000, 0x00000000616e3000, 0x00000000616e2000,
0x00000000616e6800, 0x00000000616e1800, 0x00000000623d8800, 0x00000000623da800,
0x00000000623d9800, 0x00000000623db000
}

Java Threads: ( => current thread )
  0x000000000033a800 JavaThread "main" [_thread_blocked, id=8004, stack(0x0000000002140000,0x0000000002240000)]
  0x000000005d8fb000 JavaThread "Reference Handler" daemon [_thread_blocked, id=7480, stack(0x000000005dc60000,0x000000005dd60000)]
  0x000000005d905800 JavaThread "Finalizer" daemon [_thread_blocked, id=6980, stack(0x000000005db00000,0x000000005dc00000)]
  0x000000005d911000 JavaThread "Signal Dispatcher" daemon [_thread_blocked, id=5968, stack(0x000000005ddc0000,0x000000005dec0000)]
  0x000000005d914800 JavaThread "Attach Listener" daemon [_thread_blocked, id=5892, stack(0x000000005df80000,0x000000005e080000)]
  0x000000005d917800 JavaThread "Service Thread" daemon [_thread_blocked, id=2620, stack(0x000000005e240000,0x000000005e340000)]
  0x000000005d91e000 JavaThread "C2 CompilerThread0" daemon [_thread_blocked, id=6876, stack(0x000000005e3a0000,0x000000005e4a0000)]
  0x000000005d91f800 JavaThread "C1 CompilerThread0" daemon [_thread_blocked, id=4340, stack(0x000000005e560000,0x000000005e660000)]
  0x000000005d921000 JavaThread "Sweeper thread" daemon [_thread_blocked, id=7604, stack(0x000000005e110000,0x000000005e210000)]
  0x000000005e791000 JavaThread "Common-Cleaner" daemon [_thread_blocked, id=3144, stack(0x000000005ebc0000,0x000000005ecc0000)]
  0x000000005fd75800 JavaThread "Daemon health stats" [_thread_blocked, id=5272, stack(0x0000000062fd0000,0x00000000630d0000)]
  0x0000000060808000 JavaThread "Incoming local TCP Connector on port 54520" [_thread_in_native, id=7576, stack(0x00000000638c0000,0x00000000639c0000)]
  0x000000006087a000 JavaThread "Daemon periodic checks" [_thread_blocked, id=8084, stack(0x0000000063db0000,0x0000000063eb0000)]
  0x0000000061610800 JavaThread "Cache worker for file hash cache (C:\Users\Administrador\AndroidStudioProjects\mobile_20212_appdemo-master\caches\7.0.2\fileHashes)" [_thread_blocked, id=5988, stack(0x00000000645d0000,0x00000000646d0000)]
  0x0000000061611800 JavaThread "File lock request listener" [_thread_in_native, id=8056, stack(0x0000000064740000,0x0000000064840000)]
  0x0000000061612000 JavaThread "Cache worker for journal cache (C:\Users\Administrador\AndroidStudioProjects\mobile_20212_appdemo-master\caches\journal-1)" [_thread_blocked, id=7748, stack(0x0000000064ae0000,0x0000000064be0000)]
  0x0000000061614000 JavaThread "File watcher server" daemon [_thread_blocked, id=5348, stack(0x0000000065230000,0x0000000065330000)]
  0x0000000061614800 JavaThread "File watcher consumer" daemon [_thread_blocked, id=6136, stack(0x0000000065340000,0x0000000065440000)]
  0x000000006235b800 JavaThread "Cache worker for execution history cache (C:\Users\Administrador\AndroidStudioProjects\mobile_20212_appdemo-master\caches\7.0.2\executionHistory)" [_thread_blocked, id=7132, stack(0x0000000064bf0000,0x0000000064cf0000)]
  0x0000000062f1a800 JavaThread "jar transforms" [_thread_blocked, id=5752, stack(0x00000000673a0000,0x00000000674a0000)]
  0x0000000062f1b800 JavaThread "jar transforms Thread 2" [_thread_blocked, id=7756, stack(0x0000000066d00000,0x0000000066e00000)]
  0x0000000062f1c000 JavaThread "Cache worker for file content cache (C:\Users\Administrador\AndroidStudioProjects\mobile_20212_appdemo-master\caches\7.0.2\fileContent)" [_thread_blocked, id=6444, stack(0x0000000066610000,0x0000000066710000)]
  0x00000000623d8000 JavaThread "jar transforms Thread 3" [_thread_blocked, id=7440, stack(0x0000000067db0000,0x0000000067eb0000)]
  0x00000000623dd000 JavaThread "jar transforms Thread 4" [_thread_blocked, id=1244, stack(0x0000000069a40000,0x0000000069b40000)]
  0x000000006051b000 JavaThread "Memory manager" [_thread_blocked, id=2052, stack(0x000000006a180000,0x000000006a280000)]
  0x0000000062e11000 JavaThread "Cache worker for Java compile cache (C:\Users\Administrador\AndroidStudioProjects\mobile_20212_appdemo-master\caches\7.0.2\javaCompile)" [_thread_blocked, id=7760, stack(0x000000006de50000,0x000000006df50000)]
  0x000000006010a800 JavaThread "ForkJoinPool.commonPool-worker-1" daemon [_thread_blocked, id=5000, stack(0x00000000696a0000,0x00000000697a0000)]
  0x000000006010a000 JavaThread "Daemon Thread 8" [_thread_blocked, id=6928, stack(0x000000005ea90000,0x000000005eb90000)]
  0x000000006010b800 JavaThread "Handler for socket connection from /127.0.0.1:54520 to /127.0.0.1:54269" [_thread_in_native, id=7432, stack(0x0000000063320000,0x0000000063420000)]
  0x000000006010e000 JavaThread "Cancel handler" [_thread_blocked, id=2632, stack(0x0000000063bc0000,0x0000000063cc0000)]
  0x000000006010f800 JavaThread "Daemon worker Thread 8" [_thread_blocked, id=348, stack(0x00000000637a0000,0x00000000638a0000)]
  0x000000006010d000 JavaThread "Asynchronous log dispatcher for DefaultDaemonConnection: socket connection from /127.0.0.1:54520 to /127.0.0.1:54269" [_thread_blocked, id=7948, stack(0x0000000063f50000,0x0000000064050000)]
  0x000000006010e800 JavaThread "Stdin handler" [_thread_blocked, id=6212, stack(0x0000000063450000,0x0000000063550000)]
  0x000000006010c800 JavaThread "Daemon client event forwarder" [_thread_blocked, id=7248, stack(0x00000000641e0000,0x00000000642e0000)]
  0x0000000060110800 JavaThread "Cache worker for file hash cache (C:\Users\Administrador\AndroidStudioProjects\StarWars\.gradle\7.0.2\fileHashes)" [_thread_blocked, id=8128, stack(0x00000000640a0000,0x00000000641a0000)]
  0x0000000062e13800 JavaThread "Cache worker for checksums cache (C:\Users\Administrador\AndroidStudioProjects\StarWars\.gradle\checksums)" [_thread_blocked, id=8116, stack(0x0000000066790000,0x0000000066890000)]
  0x0000000062e0d800 JavaThread "Cache worker for cache directory md-supplier (C:\Users\Administrador\AndroidStudioProjects\mobile_20212_appdemo-master\caches\7.0.2\md-supplier)" [_thread_blocked, id=8112, stack(0x0000000067900000,0x0000000067a00000)]
  0x0000000062e12800 JavaThread "Cache worker for cache directory md-rule (C:\Users\Administrador\AndroidStudioProjects\mobile_20212_appdemo-master\caches\7.0.2\md-rule)" [_thread_blocked, id=1448, stack(0x0000000066e70000,0x0000000066f70000)]
  0x0000000062e10000 JavaThread "Cache worker for dependencies-accessors (C:\Users\Administrador\AndroidStudioProjects\StarWars\.gradle\7.0.2\dependencies-accessors)" [_thread_blocked, id=7444, stack(0x0000000067a10000,0x0000000067b10000)]
  0x0000000062e0f800 JavaThread "Cache worker for Build Output Cleanup Cache (C:\Users\Administrador\AndroidStudioProjects\StarWars\.gradle\buildOutputCleanup)" [_thread_blocked, id=6804, stack(0x000000006a8a0000,0x000000006a9a0000)]
  0x00000000616e7000 JavaThread "C2 CompilerThread1" daemon [_thread_blocked, id=6780, stack(0x000000006af30000,0x000000006b030000)]
  0x00000000616e8000 JavaThread "Build operations" [_thread_blocked, id=4820, stack(0x000000006b8b0000,0x000000006b9b0000)]
  0x00000000616e3000 JavaThread "Build operations Thread 2" [_thread_blocked, id=332, stack(0x000000006ba10000,0x000000006bb10000)]
  0x00000000616e2000 JavaThread "Build operations Thread 3" [_thread_blocked, id=5644, stack(0x00000000713d0000,0x00000000714d0000)]
  0x00000000616e6800 JavaThread "Build operations Thread 4" [_thread_blocked, id=1072, stack(0x0000000067f10000,0x0000000068010000)]
  0x00000000616e1800 JavaThread "build event listener" [_thread_blocked, id=7092, stack(0x0000000072a50000,0x0000000072b50000)]
  0x00000000623d8800 JavaThread "Execution worker for ':'" [_thread_blocked, id=7504, stack(0x0000000073b90000,0x0000000073c90000)]
  0x00000000623da800 JavaThread "Execution worker for ':' Thread 2" [_thread_blocked, id=8124, stack(0x00000000745b0000,0x00000000746b0000)]
  0x00000000623d9800 JavaThread "Cache worker for execution history cache (C:\Users\Administrador\AndroidStudioProjects\StarWars\.gradle\7.0.2\executionHistory)" [_thread_blocked, id=5716, stack(0x00000000636a0000,0x00000000637a0000)]
  0x00000000623db000 JavaThread "Execution worker for ':' Thread 3" [_thread_blocked, id=6964, stack(0x0000000070790000,0x0000000070890000)]

Other Threads:
  0x000000005d8f8800 VMThread "VM Thread" [stack: 0x000000005da00000,0x000000005db00000] [id=7316]
  0x000000005e817800 WatcherThread [stack: 0x000000005ecc0000,0x000000005edc0000] [id=7464]
  0x0000000000352800 GCTaskThread "GC Thread#0" [stack: 0x0000000015430000,0x0000000015530000] [id=6048]
  0x000000005ea18000 GCTaskThread "GC Thread#1" [stack: 0x000000005f7f0000,0x000000005f8f0000] [id=7920]
=>0x000000005f64e800 GCTaskThread "GC Thread#2" [stack: 0x000000005f9c0000,0x000000005fac0000] [id=4520]
  0x000000005f64f800 GCTaskThread "GC Thread#3" [stack: 0x000000005fb60000,0x000000005fc60000] [id=3728]
  0x0000000000385000 ConcurrentGCThread "G1 Main Marker" [stack: 0x000000001a4e0000,0x000000001a5e0000] [id=3756]
  0x0000000000386800 ConcurrentGCThread "G1 Conc#0" [stack: 0x000000001a5e0000,0x000000001a6e0000] [id=6056]
  0x000000001cbab800 ConcurrentGCThread "G1 Refine#0" [stack: 0x000000001cc20000,0x000000001cd20000] [id=7020]
  0x0000000065c75000 ConcurrentGCThread "G1 Refine#1" [stack: 0x000000006d5e0000,0x000000006d6e0000] [id=7632]
  0x000000001cbac000 ConcurrentGCThread "G1 Young RemSet Sampling" [stack: 0x000000001ce90000,0x000000001cf90000] [id=4864]

Threads with active compile tasks:
C2 CompilerThread02226461 26882       4       java.lang.Class::getMethodsRecursive (99 bytes)
C2 CompilerThread12226461 26919       4       com.google.common.collect.AbstractMapBasedMultimap::<init> (19 bytes)

VM state:at safepoint (normal execution)

VM Mutex/Monitor currently owned by a thread:  ([mutex/lock_event])
[0x0000000000336320] Threads_lock - owner thread: 0x000000005d8f8800
[0x0000000000336b00] Heap_lock - owner thread: 0x0000000000385000

Heap address: 0x0000000080000000, size: 2048 MB, Compressed Oops mode: 32-bit
Narrow klass base: 0x0000000000000000, Narrow klass shift: 0
Compressed class space size: 1073741824 Address: 0x000000001cf90000

Heap:
 garbage-first heap   total 284672K, used 181899K [0x0000000080000000, 0x0000000100000000)
  region size 1024K, 27 young (27648K), 10 survivors (10240K)
 Metaspace       used 183548K, capacity 188129K, committed 188280K, reserved 1212416K
  class space    used 23580K, capacity 25267K, committed 25344K, reserved 1048576K
Heap Regions: E=young(eden), S=young(survivor), O=old, HS=humongous(starts), HC=humongous(continues), CS=collection set, F=free, A=archive, TAMS=top-at-mark-start (previous, next)
|   0|0x0000000080000000, 0x0000000080100000, 0x0000000080100000|100%|HS|  |TAMS 0x0000000080100000, 0x0000000080100000| Complete 
|   1|0x0000000080100000, 0x0000000080200000, 0x0000000080200000|100%|HC|  |TAMS 0x0000000080200000, 0x0000000080200000| Complete 
|   2|0x0000000080200000, 0x0000000080300000, 0x0000000080300000|100%|HC|  |TAMS 0x0000000080300000, 0x0000000080300000| Complete 
|   3|0x0000000080300000, 0x0000000080400000, 0x0000000080400000|100%| O|  |TAMS 0x0000000080400000, 0x0000000080400000| Untracked 
|   4|0x0000000080400000, 0x0000000080500000, 0x0000000080500000|100%| O|  |TAMS 0x0000000080500000, 0x0000000080500000| Untracked 
|   5|0x0000000080500000, 0x0000000080600000, 0x0000000080600000|100%| O|  |TAMS 0x0000000080600000, 0x0000000080600000| Untracked 
|   6|0x0000000080600000, 0x0000000080700000, 0x0000000080700000|100%| O|  |TAMS 0x0000000080700000, 0x0000000080700000| Untracked 
|   7|0x0000000080700000, 0x0000000080800000, 0x0000000080800000|100%| O|  |TAMS 0x0000000080800000, 0x0000000080800000| Untracked 
|   8|0x0000000080800000, 0x0000000080900000, 0x0000000080900000|100%| O|  |TAMS 0x0000000080900000, 0x0000000080900000| Untracked 
|   9|0x0000000080900000, 0x0000000080a00000, 0x0000000080a00000|100%| O|  |TAMS 0x0000000080a00000, 0x0000000080a00000| Untracked 
|  10|0x0000000080a00000, 0x0000000080b00000, 0x0000000080b00000|100%| O|  |TAMS 0x0000000080b00000, 0x0000000080b00000| Untracked 
|  11|0x0000000080b00000, 0x0000000080c00000, 0x0000000080c00000|100%| O|  |TAMS 0x0000000080c00000, 0x0000000080c00000| Untracked 
|  12|0x0000000080c00000, 0x0000000080d00000, 0x0000000080d00000|100%| O|  |TAMS 0x0000000080d00000, 0x0000000080d00000| Untracked 
|  13|0x0000000080d00000, 0x0000000080e00000, 0x0000000080e00000|100%| O|  |TAMS 0x0000000080e00000, 0x0000000080e00000| Untracked 
|  14|0x0000000080e00000, 0x0000000080f00000, 0x0000000080f00000|100%| O|  |TAMS 0x0000000080f00000, 0x0000000080f00000| Untracked 
|  15|0x0000000080f00000, 0x0000000081000000, 0x0000000081000000|100%| O|  |TAMS 0x0000000081000000, 0x0000000081000000| Untracked 
|  16|0x0000000081000000, 0x0000000081100000, 0x0000000081100000|100%|HS|  |TAMS 0x0000000081100000, 0x0000000081100000| Complete 
|  17|0x0000000081100000, 0x0000000081200000, 0x0000000081200000|100%|HS|  |TAMS 0x0000000081200000, 0x0000000081200000| Complete 
|  18|0x0000000081200000, 0x0000000081300000, 0x0000000081300000|100%|HS|  |TAMS 0x0000000081300000, 0x0000000081300000| Complete 
|  19|0x0000000081300000, 0x0000000081400000, 0x0000000081400000|100%|HC|  |TAMS 0x0000000081400000, 0x0000000081400000| Complete 
|  20|0x0000000081400000, 0x0000000081500000, 0x0000000081500000|100%| O|  |TAMS 0x0000000081500000, 0x0000000081500000| Untracked 
|  21|0x0000000081500000, 0x0000000081600000, 0x0000000081600000|100%| O|  |TAMS 0x0000000081600000, 0x0000000081600000| Untracked 
|  22|0x0000000081600000, 0x0000000081700000, 0x0000000081700000|100%| O|  |TAMS 0x0000000081700000, 0x0000000081700000| Untracked 
|  23|0x0000000081700000, 0x0000000081800000, 0x0000000081800000|100%| O|  |TAMS 0x0000000081800000, 0x0000000081800000| Untracked 
|  24|0x0000000081800000, 0x0000000081900000, 0x0000000081900000|100%| O|  |TAMS 0x0000000081900000, 0x0000000081900000| Untracked 
|  25|0x0000000081900000, 0x0000000081a00000, 0x0000000081a00000|100%| O|  |TAMS 0x0000000081a00000, 0x0000000081a00000| Untracked 
|  26|0x0000000081a00000, 0x0000000081b00000, 0x0000000081b00000|100%| O|  |TAMS 0x0000000081b00000, 0x0000000081b00000| Untracked 
|  27|0x0000000081b00000, 0x0000000081c00000, 0x0000000081c00000|100%| O|  |TAMS 0x0000000081c00000, 0x0000000081c00000| Untracked 
|  28|0x0000000081c00000, 0x0000000081d00000, 0x0000000081d00000|100%| O|  |TAMS 0x0000000081d00000, 0x0000000081d00000| Untracked 
|  29|0x0000000081d00000, 0x0000000081e00000, 0x0000000081e00000|100%| O|  |TAMS 0x0000000081e00000, 0x0000000081e00000| Untracked 
|  30|0x0000000081e00000, 0x0000000081f00000, 0x0000000081f00000|100%| O|  |TAMS 0x0000000081f00000, 0x0000000081f00000| Untracked 
|  31|0x0000000081f00000, 0x0000000082000000, 0x0000000082000000|100%| O|  |TAMS 0x0000000082000000, 0x0000000082000000| Untracked 
|  32|0x0000000082000000, 0x0000000082100000, 0x0000000082100000|100%| O|  |TAMS 0x0000000082100000, 0x0000000082100000| Untracked 
|  33|0x0000000082100000, 0x0000000082200000, 0x0000000082200000|100%| O|  |TAMS 0x0000000082200000, 0x0000000082200000| Untracked 
|  34|0x0000000082200000, 0x0000000082300000, 0x0000000082300000|100%| O|  |TAMS 0x0000000082300000, 0x0000000082300000| Untracked 
|  35|0x0000000082300000, 0x0000000082400000, 0x0000000082400000|100%| O|  |TAMS 0x0000000082400000, 0x0000000082400000| Untracked 
|  36|0x0000000082400000, 0x0000000082500000, 0x0000000082500000|100%| O|  |TAMS 0x0000000082500000, 0x0000000082500000| Untracked 
|  37|0x0000000082500000, 0x0000000082600000, 0x0000000082600000|100%| O|  |TAMS 0x0000000082600000, 0x0000000082600000| Untracked 
|  38|0x0000000082600000, 0x0000000082700000, 0x0000000082700000|100%| O|  |TAMS 0x0000000082700000, 0x0000000082700000| Untracked 
|  39|0x0000000082700000, 0x0000000082800000, 0x0000000082800000|100%| O|  |TAMS 0x0000000082800000, 0x0000000082800000| Untracked 
|  40|0x0000000082800000, 0x0000000082900000, 0x0000000082900000|100%| O|  |TAMS 0x0000000082900000, 0x0000000082900000| Untracked 
|  41|0x0000000082900000, 0x0000000082a00000, 0x0000000082a00000|100%| O|  |TAMS 0x0000000082a00000, 0x0000000082a00000| Untracked 
|  42|0x0000000082a00000, 0x0000000082b00000, 0x0000000082b00000|100%| O|  |TAMS 0x0000000082b00000, 0x0000000082b00000| Untracked 
|  43|0x0000000082b00000, 0x0000000082c00000, 0x0000000082c00000|100%| O|  |TAMS 0x0000000082c00000, 0x0000000082c00000| Untracked 
|  44|0x0000000082c00000, 0x0000000082d00000, 0x0000000082d00000|100%| O|  |TAMS 0x0000000082d00000, 0x0000000082d00000| Untracked 
|  45|0x0000000082d00000, 0x0000000082e00000, 0x0000000082e00000|100%| O|  |TAMS 0x0000000082e00000, 0x0000000082e00000| Untracked 
|  46|0x0000000082e00000, 0x0000000082f00000, 0x0000000082f00000|100%| O|  |TAMS 0x0000000082f00000, 0x0000000082f00000| Untracked 
|  47|0x0000000082f00000, 0x0000000083000000, 0x0000000083000000|100%| O|  |TAMS 0x0000000083000000, 0x0000000083000000| Untracked 
|  48|0x0000000083000000, 0x0000000083100000, 0x0000000083100000|100%| O|  |TAMS 0x0000000083100000, 0x0000000083100000| Untracked 
|  49|0x0000000083100000, 0x0000000083200000, 0x0000000083200000|100%| O|  |TAMS 0x0000000083200000, 0x0000000083200000| Untracked 
|  50|0x0000000083200000, 0x0000000083300000, 0x0000000083300000|100%| O|  |TAMS 0x0000000083300000, 0x0000000083300000| Untracked 
|  51|0x0000000083300000, 0x0000000083400000, 0x0000000083400000|100%| O|  |TAMS 0x0000000083400000, 0x0000000083400000| Untracked 
|  52|0x0000000083400000, 0x0000000083500000, 0x0000000083500000|100%| O|  |TAMS 0x0000000083500000, 0x0000000083500000| Untracked 
|  53|0x0000000083500000, 0x0000000083600000, 0x0000000083600000|100%| O|  |TAMS 0x0000000083600000, 0x0000000083600000| Untracked 
|  54|0x0000000083600000, 0x0000000083700000, 0x0000000083700000|100%| O|  |TAMS 0x0000000083700000, 0x0000000083700000| Untracked 
|  55|0x0000000083700000, 0x0000000083800000, 0x0000000083800000|100%| O|  |TAMS 0x0000000083800000, 0x0000000083800000| Untracked 
|  56|0x0000000083800000, 0x0000000083900000, 0x0000000083900000|100%| O|  |TAMS 0x0000000083900000, 0x0000000083900000| Untracked 
|  57|0x0000000083900000, 0x0000000083a00000, 0x0000000083a00000|100%| O|  |TAMS 0x0000000083a00000, 0x0000000083a00000| Untracked 
|  58|0x0000000083a00000, 0x0000000083b00000, 0x0000000083b00000|100%| O|  |TAMS 0x0000000083b00000, 0x0000000083b00000| Untracked 
|  59|0x0000000083b00000, 0x0000000083c00000, 0x0000000083c00000|100%| O|  |TAMS 0x0000000083c00000, 0x0000000083c00000| Untracked 
|  60|0x0000000083c00000, 0x0000000083d00000, 0x0000000083d00000|100%| O|  |TAMS 0x0000000083d00000, 0x0000000083d00000| Untracked 
|  61|0x0000000083d00000, 0x0000000083e00000, 0x0000000083e00000|100%| O|  |TAMS 0x0000000083e00000, 0x0000000083e00000| Untracked 
|  62|0x0000000083e00000, 0x0000000083f00000, 0x0000000083f00000|100%| O|  |TAMS 0x0000000083f00000, 0x0000000083f00000| Untracked 
|  63|0x0000000083f00000, 0x0000000084000000, 0x0000000084000000|100%| O|  |TAMS 0x0000000084000000, 0x0000000084000000| Untracked 
|  64|0x0000000084000000, 0x0000000084100000, 0x0000000084100000|100%| O|  |TAMS 0x0000000084100000, 0x0000000084100000| Untracked 
|  65|0x0000000084100000, 0x0000000084200000, 0x0000000084200000|100%| O|  |TAMS 0x0000000084200000, 0x0000000084200000| Untracked 
|  66|0x0000000084200000, 0x0000000084300000, 0x0000000084300000|100%| O|  |TAMS 0x0000000084300000, 0x0000000084300000| Untracked 
|  67|0x0000000084300000, 0x0000000084400000, 0x0000000084400000|100%| O|  |TAMS 0x0000000084400000, 0x0000000084400000| Untracked 
|  68|0x0000000084400000, 0x0000000084500000, 0x0000000084500000|100%| O|  |TAMS 0x0000000084500000, 0x0000000084500000| Untracked 
|  69|0x0000000084500000, 0x0000000084600000, 0x0000000084600000|100%| O|  |TAMS 0x0000000084600000, 0x0000000084600000| Untracked 
|  70|0x0000000084600000, 0x0000000084700000, 0x0000000084700000|100%| O|  |TAMS 0x0000000084700000, 0x0000000084700000| Untracked 
|  71|0x0000000084700000, 0x0000000084800000, 0x0000000084800000|100%| O|  |TAMS 0x0000000084800000, 0x0000000084800000| Untracked 
|  72|0x0000000084800000, 0x0000000084900000, 0x0000000084900000|100%| O|  |TAMS 0x0000000084900000, 0x0000000084900000| Untracked 
|  73|0x0000000084900000, 0x0000000084a00000, 0x0000000084a00000|100%| O|  |TAMS 0x0000000084a00000, 0x0000000084a00000| Untracked 
|  74|0x0000000084a00000, 0x0000000084b00000, 0x0000000084b00000|100%| O|  |TAMS 0x0000000084b00000, 0x0000000084b00000| Untracked 
|  75|0x0000000084b00000, 0x0000000084c00000, 0x0000000084c00000|100%| O|  |TAMS 0x0000000084c00000, 0x0000000084c00000| Untracked 
|  76|0x0000000084c00000, 0x0000000084d00000, 0x0000000084d00000|100%| O|  |TAMS 0x0000000084d00000, 0x0000000084d00000| Untracked 
|  77|0x0000000084d00000, 0x0000000084e00000, 0x0000000084e00000|100%| O|  |TAMS 0x0000000084e00000, 0x0000000084e00000| Untracked 
|  78|0x0000000084e00000, 0x0000000084f00000, 0x0000000084f00000|100%| O|  |TAMS 0x0000000084f00000, 0x0000000084f00000| Untracked 
|  79|0x0000000084f00000, 0x0000000085000000, 0x0000000085000000|100%| O|  |TAMS 0x0000000085000000, 0x0000000085000000| Untracked 
|  80|0x0000000085000000, 0x0000000085100000, 0x0000000085100000|100%| O|  |TAMS 0x0000000085100000, 0x0000000085100000| Untracked 
|  81|0x0000000085100000, 0x0000000085200000, 0x0000000085200000|100%| O|  |TAMS 0x0000000085200000, 0x0000000085200000| Untracked 
|  82|0x0000000085200000, 0x0000000085300000, 0x0000000085300000|100%| O|  |TAMS 0x0000000085300000, 0x0000000085300000| Untracked 
|  83|0x0000000085300000, 0x0000000085400000, 0x0000000085400000|100%| O|  |TAMS 0x0000000085400000, 0x0000000085400000| Untracked 
|  84|0x0000000085400000, 0x0000000085500000, 0x0000000085500000|100%| O|  |TAMS 0x0000000085500000, 0x0000000085500000| Untracked 
|  85|0x0000000085500000, 0x0000000085600000, 0x0000000085600000|100%| O|  |TAMS 0x0000000085600000, 0x0000000085600000| Untracked 
|  86|0x0000000085600000, 0x0000000085700000, 0x0000000085700000|100%| O|  |TAMS 0x0000000085700000, 0x0000000085700000| Untracked 
|  87|0x0000000085700000, 0x0000000085800000, 0x0000000085800000|100%| O|  |TAMS 0x0000000085800000, 0x0000000085800000| Untracked 
|  88|0x0000000085800000, 0x0000000085900000, 0x0000000085900000|100%| O|  |TAMS 0x0000000085900000, 0x0000000085900000| Untracked 
|  89|0x0000000085900000, 0x0000000085a00000, 0x0000000085a00000|100%| O|  |TAMS 0x0000000085a00000, 0x0000000085a00000| Untracked 
|  90|0x0000000085a00000, 0x0000000085b00000, 0x0000000085b00000|100%| O|  |TAMS 0x0000000085b00000, 0x0000000085b00000| Untracked 
|  91|0x0000000085b00000, 0x0000000085c00000, 0x0000000085c00000|100%| O|  |TAMS 0x0000000085c00000, 0x0000000085c00000| Untracked 
|  92|0x0000000085c00000, 0x0000000085d00000, 0x0000000085d00000|100%| O|  |TAMS 0x0000000085d00000, 0x0000000085d00000| Untracked 
|  93|0x0000000085d00000, 0x0000000085e00000, 0x0000000085e00000|100%| O|  |TAMS 0x0000000085e00000, 0x0000000085e00000| Untracked 
|  94|0x0000000085e00000, 0x0000000085f00000, 0x0000000085f00000|100%| O|  |TAMS 0x0000000085f00000, 0x0000000085f00000| Untracked 
|  95|0x0000000085f00000, 0x0000000086000000, 0x0000000086000000|100%| O|  |TAMS 0x0000000086000000, 0x0000000086000000| Untracked 
|  96|0x0000000086000000, 0x0000000086100000, 0x0000000086100000|100%| O|  |TAMS 0x0000000086100000, 0x0000000086100000| Untracked 
|  97|0x0000000086100000, 0x0000000086200000, 0x0000000086200000|100%| O|  |TAMS 0x0000000086200000, 0x0000000086200000| Untracked 
|  98|0x0000000086200000, 0x0000000086300000, 0x0000000086300000|100%| O|  |TAMS 0x0000000086300000, 0x0000000086300000| Untracked 
|  99|0x0000000086300000, 0x0000000086400000, 0x0000000086400000|100%| O|  |TAMS 0x0000000086400000, 0x0000000086400000| Untracked 
| 100|0x0000000086400000, 0x0000000086500000, 0x0000000086500000|100%| O|  |TAMS 0x00000000864dfc00, 0x0000000086500000| Untracked 
| 101|0x0000000086500000, 0x0000000086600000, 0x0000000086600000|100%| O|  |TAMS 0x0000000086500000, 0x0000000086600000| Untracked 
| 102|0x0000000086600000, 0x0000000086700000, 0x0000000086700000|100%| O|  |TAMS 0x0000000086700000, 0x0000000086700000| Untracked 
| 103|0x0000000086700000, 0x0000000086800000, 0x0000000086800000|100%| O|  |TAMS 0x0000000086800000, 0x0000000086800000| Untracked 
| 104|0x0000000086800000, 0x0000000086900000, 0x0000000086900000|100%| O|  |TAMS 0x0000000086900000, 0x0000000086900000| Untracked 
| 105|0x0000000086900000, 0x0000000086a00000, 0x0000000086a00000|100%| O|  |TAMS 0x0000000086a00000, 0x0000000086a00000| Untracked 
| 106|0x0000000086a00000, 0x0000000086b00000, 0x0000000086b00000|100%| O|  |TAMS 0x0000000086b00000, 0x0000000086b00000| Untracked 
| 107|0x0000000086b00000, 0x0000000086c00000, 0x0000000086c00000|100%|HS|  |TAMS 0x0000000086c00000, 0x0000000086c00000| Complete 
| 108|0x0000000086c00000, 0x0000000086d00000, 0x0000000086d00000|100%|HC|  |TAMS 0x0000000086d00000, 0x0000000086d00000| Complete 
| 109|0x0000000086d00000, 0x0000000086e00000, 0x0000000086e00000|100%|HS|  |TAMS 0x0000000086e00000, 0x0000000086e00000| Complete 
| 110|0x0000000086e00000, 0x0000000086f00000, 0x0000000086f00000|100%|HC|  |TAMS 0x0000000086f00000, 0x0000000086f00000| Complete 
| 111|0x0000000086f00000, 0x0000000087000000, 0x0000000087000000|100%|HC|  |TAMS 0x0000000087000000, 0x0000000087000000| Complete 
| 112|0x0000000087000000, 0x0000000087100000, 0x0000000087100000|100%| O|  |TAMS 0x0000000087100000, 0x0000000087100000| Untracked 
| 113|0x0000000087100000, 0x0000000087200000, 0x0000000087200000|100%|HS|  |TAMS 0x0000000087200000, 0x0000000087200000| Complete 
| 114|0x0000000087200000, 0x0000000087300000, 0x0000000087300000|100%|HC|  |TAMS 0x0000000087300000, 0x0000000087300000| Complete 
| 115|0x0000000087300000, 0x0000000087400000, 0x0000000087400000|100%|HC|  |TAMS 0x0000000087400000, 0x0000000087400000| Complete 
| 116|0x0000000087400000, 0x0000000087500000, 0x0000000087500000|100%|HC|  |TAMS 0x0000000087500000, 0x0000000087500000| Complete 
| 117|0x0000000087500000, 0x0000000087600000, 0x0000000087600000|100%|HC|  |TAMS 0x0000000087600000, 0x0000000087600000| Complete 
| 118|0x0000000087600000, 0x0000000087700000, 0x0000000087700000|100%|HS|  |TAMS 0x0000000087700000, 0x0000000087700000| Complete 
| 119|0x0000000087700000, 0x0000000087800000, 0x0000000087800000|100%|HC|  |TAMS 0x0000000087800000, 0x0000000087800000| Complete 
| 120|0x0000000087800000, 0x0000000087900000, 0x0000000087900000|100%|HC|  |TAMS 0x0000000087900000, 0x0000000087900000| Complete 
| 121|0x0000000087900000, 0x0000000087a00000, 0x0000000087a00000|100%|HC|  |TAMS 0x0000000087a00000, 0x0000000087a00000| Complete 
| 122|0x0000000087a00000, 0x0000000087b00000, 0x0000000087b00000|100%|HC|  |TAMS 0x0000000087b00000, 0x0000000087b00000| Complete 
| 123|0x0000000087b00000, 0x0000000087c00000, 0x0000000087c00000|100%| O|  |TAMS 0x0000000087c00000, 0x0000000087c00000| Untracked 
| 124|0x0000000087c00000, 0x0000000087d00000, 0x0000000087d00000|100%| O|  |TAMS 0x0000000087d00000, 0x0000000087d00000| Untracked 
| 125|0x0000000087d00000, 0x0000000087e00000, 0x0000000087e00000|100%| O|  |TAMS 0x0000000087e00000, 0x0000000087e00000| Untracked 
| 126|0x0000000087e00000, 0x0000000087f00000, 0x0000000087f00000|100%|HS|  |TAMS 0x0000000087f00000, 0x0000000087f00000| Complete 
| 127|0x0000000087f00000, 0x0000000088000000, 0x0000000088000000|100%|HC|  |TAMS 0x0000000088000000, 0x0000000088000000| Complete 
| 128|0x0000000088000000, 0x0000000088100000, 0x0000000088100000|100%|HC|  |TAMS 0x0000000088100000, 0x0000000088100000| Complete 
| 129|0x0000000088100000, 0x0000000088200000, 0x0000000088200000|100%| O|  |TAMS 0x0000000088200000, 0x0000000088200000| Untracked 
| 130|0x0000000088200000, 0x0000000088300000, 0x0000000088300000|100%| O|  |TAMS 0x0000000088300000, 0x0000000088300000| Untracked 
| 131|0x0000000088300000, 0x0000000088400000, 0x0000000088400000|100%| O|  |TAMS 0x0000000088400000, 0x0000000088400000| Untracked 
| 132|0x0000000088400000, 0x0000000088500000, 0x0000000088500000|100%| O|  |TAMS 0x0000000088500000, 0x0000000088500000| Untracked 
| 133|0x0000000088500000, 0x0000000088600000, 0x0000000088600000|100%| O|  |TAMS 0x0000000088600000, 0x0000000088600000| Untracked 
| 134|0x0000000088600000, 0x0000000088700000, 0x0000000088700000|100%| O|  |TAMS 0x0000000088700000, 0x0000000088700000| Untracked 
| 135|0x0000000088700000, 0x0000000088800000, 0x0000000088800000|100%| O|  |TAMS 0x0000000088800000, 0x0000000088800000| Untracked 
| 136|0x0000000088800000, 0x0000000088900000, 0x0000000088900000|100%| O|  |TAMS 0x0000000088900000, 0x0000000088900000| Untracked 
| 137|0x0000000088900000, 0x0000000088a00000, 0x0000000088a00000|100%| O|  |TAMS 0x0000000088a00000, 0x0000000088a00000| Untracked 
| 138|0x0000000088a00000, 0x0000000088b00000, 0x0000000088b00000|100%| O|  |TAMS 0x0000000088b00000, 0x0000000088b00000| Untracked 
| 139|0x0000000088b00000, 0x0000000088c00000, 0x0000000088c00000|100%| O|  |TAMS 0x0000000088c00000, 0x0000000088c00000| Untracked 
| 140|0x0000000088c00000, 0x0000000088d00000, 0x0000000088d00000|100%| O|  |TAMS 0x0000000088d00000, 0x0000000088d00000| Untracked 
| 141|0x0000000088d00000, 0x0000000088e00000, 0x0000000088e00000|100%| O|  |TAMS 0x0000000088e00000, 0x0000000088e00000| Untracked 
| 142|0x0000000088e00000, 0x0000000088f00000, 0x0000000088f00000|100%| O|  |TAMS 0x0000000088f00000, 0x0000000088f00000| Untracked 
| 143|0x0000000088f00000, 0x0000000089000000, 0x0000000089000000|100%| O|  |TAMS 0x0000000089000000, 0x0000000089000000| Untracked 
| 144|0x0000000089000000, 0x0000000089100000, 0x0000000089100000|100%| O|  |TAMS 0x0000000089100000, 0x0000000089100000| Untracked 
| 145|0x0000000089100000, 0x0000000089200000, 0x0000000089200000|100%| O|  |TAMS 0x0000000089100000, 0x0000000089200000| Untracked 
| 146|0x0000000089200000, 0x0000000089300000, 0x0000000089300000|100%| O|  |TAMS 0x0000000089300000, 0x0000000089300000| Untracked 
| 147|0x0000000089300000, 0x0000000089400000, 0x0000000089400000|100%| O|  |TAMS 0x0000000089400000, 0x0000000089400000| Untracked 
| 148|0x0000000089400000, 0x0000000089500000, 0x0000000089500000|100%| O|  |TAMS 0x0000000089500000, 0x0000000089500000| Untracked 
| 149|0x0000000089500000, 0x0000000089600000, 0x0000000089600000|100%| O|  |TAMS 0x0000000089600000, 0x0000000089600000| Untracked 
| 150|0x0000000089600000, 0x0000000089700000, 0x0000000089700000|100%| O|  |TAMS 0x0000000089700000, 0x0000000089700000| Untracked 
| 151|0x0000000089700000, 0x0000000089800000, 0x0000000089800000|100%| O|  |TAMS 0x0000000089700000, 0x0000000089800000| Untracked 
| 152|0x0000000089800000, 0x00000000898a2e00, 0x0000000089900000| 63%| O|  |TAMS 0x0000000089800000, 0x00000000898a2e00| Untracked 
| 153|0x0000000089900000, 0x0000000089900000, 0x0000000089a00000|  0%| F|  |TAMS 0x0000000089900000, 0x0000000089900000| Untracked 
| 154|0x0000000089a00000, 0x0000000089a00000, 0x0000000089b00000|  0%| F|  |TAMS 0x0000000089a00000, 0x0000000089a00000| Untracked 
| 155|0x0000000089b00000, 0x0000000089b00000, 0x0000000089c00000|  0%| F|  |TAMS 0x0000000089b00000, 0x0000000089b00000| Untracked 
| 156|0x0000000089c00000, 0x0000000089c00000, 0x0000000089d00000|  0%| F|  |TAMS 0x0000000089c00000, 0x0000000089c00000| Untracked 
| 157|0x0000000089d00000, 0x0000000089d00000, 0x0000000089e00000|  0%| F|  |TAMS 0x0000000089d00000, 0x0000000089d00000| Untracked 
| 158|0x0000000089e00000, 0x0000000089e00000, 0x0000000089f00000|  0%| F|  |TAMS 0x0000000089e00000, 0x0000000089e00000| Untracked 
| 159|0x0000000089f00000, 0x0000000089f00000, 0x000000008a000000|  0%| F|  |TAMS 0x0000000089f00000, 0x0000000089f00000| Untracked 
| 160|0x000000008a000000, 0x000000008a000000, 0x000000008a100000|  0%| F|  |TAMS 0x000000008a000000, 0x000000008a000000| Untracked 
| 161|0x000000008a100000, 0x000000008a100000, 0x000000008a200000|  0%| F|  |TAMS 0x000000008a100000, 0x000000008a100000| Untracked 
| 162|0x000000008a200000, 0x000000008a200000, 0x000000008a300000|  0%| F|  |TAMS 0x000000008a200000, 0x000000008a200000| Untracked 
| 163|0x000000008a300000, 0x000000008a300000, 0x000000008a400000|  0%| F|  |TAMS 0x000000008a300000, 0x000000008a300000| Untracked 
| 164|0x000000008a400000, 0x000000008a400000, 0x000000008a500000|  0%| F|  |TAMS 0x000000008a400000, 0x000000008a400000| Untracked 
| 165|0x000000008a500000, 0x000000008a500000, 0x000000008a600000|  0%| F|  |TAMS 0x000000008a500000, 0x000000008a500000| Untracked 
| 166|0x000000008a600000, 0x000000008a600000, 0x000000008a700000|  0%| F|  |TAMS 0x000000008a600000, 0x000000008a600000| Untracked 
| 167|0x000000008a700000, 0x000000008a700000, 0x000000008a800000|  0%| F|  |TAMS 0x000000008a700000, 0x000000008a700000| Untracked 
| 168|0x000000008a800000, 0x000000008a800000, 0x000000008a900000|  0%| F|  |TAMS 0x000000008a800000, 0x000000008a800000| Untracked 
| 169|0x000000008a900000, 0x000000008a900000, 0x000000008aa00000|  0%| F|  |TAMS 0x000000008a900000, 0x000000008a900000| Untracked 
| 170|0x000000008aa00000, 0x000000008aa00000, 0x000000008ab00000|  0%| F|  |TAMS 0x000000008aa00000, 0x000000008aa00000| Untracked 
| 171|0x000000008ab00000, 0x000000008ab00000, 0x000000008ac00000|  0%| F|  |TAMS 0x000000008ab00000, 0x000000008ab00000| Untracked 
| 172|0x000000008ac00000, 0x000000008ac00000, 0x000000008ad00000|  0%| F|  |TAMS 0x000000008ac00000, 0x000000008ac00000| Untracked 
| 173|0x000000008ad00000, 0x000000008ad00000, 0x000000008ae00000|  0%| F|  |TAMS 0x000000008ad00000, 0x000000008ad00000| Untracked 
| 174|0x000000008ae00000, 0x000000008ae00000, 0x000000008af00000|  0%| F|  |TAMS 0x000000008ae00000, 0x000000008ae00000| Untracked 
| 175|0x000000008af00000, 0x000000008af00000, 0x000000008b000000|  0%| F|  |TAMS 0x000000008af00000, 0x000000008af00000| Untracked 
| 176|0x000000008b000000, 0x000000008b000000, 0x000000008b100000|  0%| F|  |TAMS 0x000000008b000000, 0x000000008b000000| Untracked 
| 177|0x000000008b100000, 0x000000008b100000, 0x000000008b200000|  0%| F|  |TAMS 0x000000008b100000, 0x000000008b100000| Untracked 
| 178|0x000000008b200000, 0x000000008b200000, 0x000000008b300000|  0%| F|  |TAMS 0x000000008b200000, 0x000000008b200000| Untracked 
| 179|0x000000008b300000, 0x000000008b300000, 0x000000008b400000|  0%| F|  |TAMS 0x000000008b300000, 0x000000008b300000| Untracked 
| 180|0x000000008b400000, 0x000000008b400000, 0x000000008b500000|  0%| F|  |TAMS 0x000000008b400000, 0x000000008b400000| Untracked 
| 181|0x000000008b500000, 0x000000008b500000, 0x000000008b600000|  0%| F|  |TAMS 0x000000008b500000, 0x000000008b500000| Untracked 
| 182|0x000000008b600000, 0x000000008b600000, 0x000000008b700000|  0%| F|  |TAMS 0x000000008b600000, 0x000000008b600000| Untracked 
| 183|0x000000008b700000, 0x000000008b700000, 0x000000008b800000|  0%| F|  |TAMS 0x000000008b700000, 0x000000008b700000| Untracked 
| 184|0x000000008b800000, 0x000000008b800000, 0x000000008b900000|  0%| F|  |TAMS 0x000000008b800000, 0x000000008b800000| Untracked 
| 185|0x000000008b900000, 0x000000008b900000, 0x000000008ba00000|  0%| F|  |TAMS 0x000000008b900000, 0x000000008b900000| Untracked 
| 186|0x000000008ba00000, 0x000000008ba00000, 0x000000008bb00000|  0%| F|  |TAMS 0x000000008ba00000, 0x000000008ba00000| Untracked 
| 187|0x000000008bb00000, 0x000000008bb00000, 0x000000008bc00000|  0%| F|  |TAMS 0x000000008bb00000, 0x000000008bb00000| Untracked 
| 188|0x000000008bc00000, 0x000000008bd00000, 0x000000008bd00000|100%| S|CS|TAMS 0x000000008bc00000, 0x000000008bc00000| Complete 
| 189|0x000000008bd00000, 0x000000008be00000, 0x000000008be00000|100%| S|CS|TAMS 0x000000008bd00000, 0x000000008bd00000| Complete 
| 190|0x000000008be00000, 0x000000008bf00000, 0x000000008bf00000|100%| S|CS|TAMS 0x000000008be00000, 0x000000008be00000| Complete 
| 191|0x000000008bf00000, 0x000000008c000000, 0x000000008c000000|100%| S|CS|TAMS 0x000000008bf00000, 0x000000008bf00000| Complete 
| 192|0x000000008c000000, 0x000000008c000000, 0x000000008c100000|  0%| F|  |TAMS 0x000000008c000000, 0x000000008c000000| Untracked 
| 193|0x000000008c100000, 0x000000008c100000, 0x000000008c200000|  0%| F|  |TAMS 0x000000008c100000, 0x000000008c100000| Untracked 
| 194|0x000000008c200000, 0x000000008c300000, 0x000000008c300000|100%| S|CS|TAMS 0x000000008c200000, 0x000000008c200000| Complete 
| 195|0x000000008c300000, 0x000000008c300000, 0x000000008c400000|  0%| F|  |TAMS 0x000000008c300000, 0x000000008c300000| Untracked 
| 196|0x000000008c400000, 0x000000008c400000, 0x000000008c500000|  0%| F|  |TAMS 0x000000008c400000, 0x000000008c400000| Untracked 
| 197|0x000000008c500000, 0x000000008c500000, 0x000000008c600000|  0%| F|  |TAMS 0x000000008c500000, 0x000000008c500000| Untracked 
| 198|0x000000008c600000, 0x000000008c600000, 0x000000008c700000|  0%| F|  |TAMS 0x000000008c600000, 0x000000008c600000| Untracked 
| 199|0x000000008c700000, 0x000000008c700000, 0x000000008c800000|  0%| F|  |TAMS 0x000000008c700000, 0x000000008c700000| Untracked 
| 200|0x000000008c800000, 0x000000008c900000, 0x000000008c900000|100%| S|CS|TAMS 0x000000008c800000, 0x000000008c800000| Complete 
| 201|0x000000008c900000, 0x000000008ca00000, 0x000000008ca00000|100%| S|CS|TAMS 0x000000008c900000, 0x000000008c900000| Complete 
| 202|0x000000008ca00000, 0x000000008cb00000, 0x000000008cb00000|100%| S|CS|TAMS 0x000000008ca00000, 0x000000008ca00000| Complete 
| 203|0x000000008cb00000, 0x000000008cc00000, 0x000000008cc00000|100%| S|CS|TAMS 0x000000008cb00000, 0x000000008cb00000| Complete 
| 204|0x000000008cc00000, 0x000000008cc00000, 0x000000008cd00000|  0%| F|  |TAMS 0x000000008cc00000, 0x000000008cc00000| Untracked 
| 205|0x000000008cd00000, 0x000000008cd00000, 0x000000008ce00000|  0%| F|  |TAMS 0x000000008cd00000, 0x000000008cd00000| Untracked 
| 206|0x000000008ce00000, 0x000000008cf00000, 0x000000008cf00000|100%| S|CS|TAMS 0x000000008ce00000, 0x000000008ce00000| Complete 
| 207|0x000000008cf00000, 0x000000008cf00000, 0x000000008d000000|  0%| F|  |TAMS 0x000000008cf00000, 0x000000008cf00000| Untracked 
| 208|0x000000008d000000, 0x000000008d000000, 0x000000008d100000|  0%| F|  |TAMS 0x000000008d000000, 0x000000008d000000| Untracked 
| 209|0x000000008d100000, 0x000000008d100000, 0x000000008d200000|  0%| F|  |TAMS 0x000000008d100000, 0x000000008d100000| Untracked 
| 210|0x000000008d200000, 0x000000008d200000, 0x000000008d300000|  0%| F|  |TAMS 0x000000008d200000, 0x000000008d200000| Untracked 
| 211|0x000000008d300000, 0x000000008d300000, 0x000000008d400000|  0%| F|  |TAMS 0x000000008d300000, 0x000000008d300000| Untracked 
| 212|0x000000008d400000, 0x000000008d400000, 0x000000008d500000|  0%| F|  |TAMS 0x000000008d400000, 0x000000008d400000| Untracked 
| 213|0x000000008d500000, 0x000000008d500000, 0x000000008d600000|  0%| F|  |TAMS 0x000000008d500000, 0x000000008d500000| Untracked 
| 214|0x000000008d600000, 0x000000008d600000, 0x000000008d700000|  0%| F|  |TAMS 0x000000008d600000, 0x000000008d600000| Untracked 
| 215|0x000000008d700000, 0x000000008d700000, 0x000000008d800000|  0%| F|  |TAMS 0x000000008d700000, 0x000000008d700000| Untracked 
| 216|0x000000008d800000, 0x000000008d800000, 0x000000008d900000|  0%| F|  |TAMS 0x000000008d800000, 0x000000008d800000| Untracked 
| 217|0x000000008d900000, 0x000000008d900000, 0x000000008da00000|  0%| F|  |TAMS 0x000000008d900000, 0x000000008d900000| Untracked 
| 218|0x000000008da00000, 0x000000008da00000, 0x000000008db00000|  0%| F|  |TAMS 0x000000008da00000, 0x000000008da00000| Untracked 
| 219|0x000000008db00000, 0x000000008db00000, 0x000000008dc00000|  0%| F|  |TAMS 0x000000008db00000, 0x000000008db00000| Untracked 
| 220|0x000000008dc00000, 0x000000008dc00000, 0x000000008dd00000|  0%| F|  |TAMS 0x000000008dc00000, 0x000000008dc00000| Untracked 
| 221|0x000000008dd00000, 0x000000008dd00000, 0x000000008de00000|  0%| F|  |TAMS 0x000000008dd00000, 0x000000008dd00000| Untracked 
| 222|0x000000008de00000, 0x000000008de00000, 0x000000008df00000|  0%| F|  |TAMS 0x000000008de00000, 0x000000008de00000| Untracked 
| 223|0x000000008df00000, 0x000000008df00000, 0x000000008e000000|  0%| F|  |TAMS 0x000000008df00000, 0x000000008df00000| Untracked 
| 224|0x000000008e000000, 0x000000008e000000, 0x000000008e100000|  0%| F|  |TAMS 0x000000008e000000, 0x000000008e000000| Untracked 
| 225|0x000000008e100000, 0x000000008e100000, 0x000000008e200000|  0%| F|  |TAMS 0x000000008e100000, 0x000000008e100000| Untracked 
| 226|0x000000008e200000, 0x000000008e200000, 0x000000008e300000|  0%| F|  |TAMS 0x000000008e200000, 0x000000008e200000| Untracked 
| 227|0x000000008e300000, 0x000000008e300000, 0x000000008e400000|  0%| F|  |TAMS 0x000000008e300000, 0x000000008e300000| Untracked 
| 228|0x000000008e400000, 0x000000008e400000, 0x000000008e500000|  0%| F|  |TAMS 0x000000008e400000, 0x000000008e400000| Untracked 
| 229|0x000000008e500000, 0x000000008e500000, 0x000000008e600000|  0%| F|  |TAMS 0x000000008e500000, 0x000000008e500000| Untracked 
| 230|0x000000008e600000, 0x000000008e600000, 0x000000008e700000|  0%| F|  |TAMS 0x000000008e600000, 0x000000008e600000| Untracked 
| 231|0x000000008e700000, 0x000000008e700000, 0x000000008e800000|  0%| F|  |TAMS 0x000000008e700000, 0x000000008e700000| Untracked 
| 232|0x000000008e800000, 0x000000008e800000, 0x000000008e900000|  0%| F|  |TAMS 0x000000008e800000, 0x000000008e800000| Untracked 
| 233|0x000000008e900000, 0x000000008e900000, 0x000000008ea00000|  0%| F|  |TAMS 0x000000008e900000, 0x000000008e900000| Untracked 
| 234|0x000000008ea00000, 0x000000008ea00000, 0x000000008eb00000|  0%| F|  |TAMS 0x000000008ea00000, 0x000000008ea00000| Untracked 
| 235|0x000000008eb00000, 0x000000008eb00000, 0x000000008ec00000|  0%| F|  |TAMS 0x000000008eb00000, 0x000000008eb00000| Untracked 
| 236|0x000000008ec00000, 0x000000008ec00000, 0x000000008ed00000|  0%| F|  |TAMS 0x000000008ec00000, 0x000000008ec00000| Untracked 
| 237|0x000000008ed00000, 0x000000008ed00000, 0x000000008ee00000|  0%| F|  |TAMS 0x000000008ed00000, 0x000000008ed00000| Untracked 
| 238|0x000000008ee00000, 0x000000008ee00000, 0x000000008ef00000|  0%| F|  |TAMS 0x000000008ee00000, 0x000000008ee00000| Untracked 
| 239|0x000000008ef00000, 0x000000008ef00000, 0x000000008f000000|  0%| F|  |TAMS 0x000000008ef00000, 0x000000008ef00000| Untracked 
| 240|0x000000008f000000, 0x000000008f000000, 0x000000008f100000|  0%| F|  |TAMS 0x000000008f000000, 0x000000008f000000| Untracked 
| 241|0x000000008f100000, 0x000000008f100000, 0x000000008f200000|  0%| F|  |TAMS 0x000000008f100000, 0x000000008f100000| Untracked 
| 242|0x000000008f200000, 0x000000008f200000, 0x000000008f300000|  0%| F|  |TAMS 0x000000008f200000, 0x000000008f200000| Untracked 
| 243|0x000000008f300000, 0x000000008f300000, 0x000000008f400000|  0%| F|  |TAMS 0x000000008f300000, 0x000000008f300000| Untracked 
| 244|0x000000008f400000, 0x000000008f400000, 0x000000008f500000|  0%| F|  |TAMS 0x000000008f400000, 0x000000008f400000| Untracked 
| 245|0x000000008f500000, 0x000000008f500000, 0x000000008f600000|  0%| F|  |TAMS 0x000000008f500000, 0x000000008f500000| Untracked 
| 246|0x000000008f600000, 0x000000008f600000, 0x000000008f700000|  0%| F|  |TAMS 0x000000008f600000, 0x000000008f600000| Untracked 
| 247|0x000000008f700000, 0x000000008f700000, 0x000000008f800000|  0%| F|  |TAMS 0x000000008f700000, 0x000000008f700000| Untracked 
| 248|0x000000008f800000, 0x000000008f800000, 0x000000008f900000|  0%| F|  |TAMS 0x000000008f800000, 0x000000008f800000| Untracked 
| 249|0x000000008f900000, 0x000000008f900000, 0x000000008fa00000|  0%| F|  |TAMS 0x000000008f900000, 0x000000008f900000| Untracked 
| 250|0x000000008fa00000, 0x000000008fa00000, 0x000000008fb00000|  0%| F|  |TAMS 0x000000008fa00000, 0x000000008fa00000| Untracked 
| 251|0x000000008fb00000, 0x000000008fb00000, 0x000000008fc00000|  0%| F|  |TAMS 0x000000008fb00000, 0x000000008fb00000| Untracked 
| 252|0x000000008fc00000, 0x000000008fc00000, 0x000000008fd00000|  0%| F|  |TAMS 0x000000008fc00000, 0x000000008fc00000| Untracked 
| 253|0x000000008fd00000, 0x000000008fd00000, 0x000000008fe00000|  0%| F|  |TAMS 0x000000008fd00000, 0x000000008fd00000| Untracked 
| 254|0x000000008fe00000, 0x000000008fe00000, 0x000000008ff00000|  0%| F|  |TAMS 0x000000008fe00000, 0x000000008fe00000| Untracked 
| 255|0x000000008ff00000, 0x000000008ff00000, 0x0000000090000000|  0%| F|  |TAMS 0x000000008ff00000, 0x000000008ff00000| Untracked 
| 256|0x0000000090000000, 0x0000000090000000, 0x0000000090100000|  0%| F|  |TAMS 0x0000000090000000, 0x0000000090000000| Untracked 
| 257|0x0000000090100000, 0x0000000090100000, 0x0000000090200000|  0%| F|  |TAMS 0x0000000090100000, 0x0000000090100000| Untracked 
| 258|0x0000000090200000, 0x0000000090200000, 0x0000000090300000|  0%| F|  |TAMS 0x0000000090200000, 0x0000000090200000| Untracked 
| 259|0x0000000090300000, 0x0000000090300000, 0x0000000090400000|  0%| F|  |TAMS 0x0000000090300000, 0x0000000090300000| Untracked 
| 260|0x0000000090400000, 0x0000000090400000, 0x0000000090500000|  0%| F|  |TAMS 0x0000000090400000, 0x0000000090400000| Untracked 
| 261|0x0000000090500000, 0x000000009054f6d0, 0x0000000090600000| 31%| E|  |TAMS 0x0000000090500000, 0x0000000090500000| Complete 
| 262|0x0000000090600000, 0x0000000090700000, 0x0000000090700000|100%| E|CS|TAMS 0x0000000090600000, 0x0000000090600000| Complete 
| 263|0x0000000090700000, 0x0000000090800000, 0x0000000090800000|100%| E|CS|TAMS 0x0000000090700000, 0x0000000090700000| Complete 
| 264|0x0000000090800000, 0x0000000090900000, 0x0000000090900000|100%| E|CS|TAMS 0x0000000090800000, 0x0000000090800000| Complete 
| 265|0x0000000090900000, 0x0000000090a00000, 0x0000000090a00000|100%| E|CS|TAMS 0x0000000090900000, 0x0000000090900000| Complete 
| 266|0x0000000090a00000, 0x0000000090b00000, 0x0000000090b00000|100%| E|CS|TAMS 0x0000000090a00000, 0x0000000090a00000| Complete 
| 267|0x0000000090b00000, 0x0000000090c00000, 0x0000000090c00000|100%| E|CS|TAMS 0x0000000090b00000, 0x0000000090b00000| Complete 
| 268|0x0000000090c00000, 0x0000000090d00000, 0x0000000090d00000|100%| E|CS|TAMS 0x0000000090c00000, 0x0000000090c00000| Complete 
| 269|0x0000000090d00000, 0x0000000090e00000, 0x0000000090e00000|100%| E|CS|TAMS 0x0000000090d00000, 0x0000000090d00000| Complete 
| 270|0x0000000090e00000, 0x0000000090f00000, 0x0000000090f00000|100%| E|CS|TAMS 0x0000000090e00000, 0x0000000090e00000| Complete 
| 271|0x0000000090f00000, 0x0000000091000000, 0x0000000091000000|100%| E|CS|TAMS 0x0000000090f00000, 0x0000000090f00000| Complete 
| 272|0x0000000091000000, 0x0000000091100000, 0x0000000091100000|100%| E|CS|TAMS 0x0000000091000000, 0x0000000091000000| Complete 
| 273|0x0000000091100000, 0x0000000091200000, 0x0000000091200000|100%| E|CS|TAMS 0x0000000091100000, 0x0000000091100000| Complete 
| 274|0x0000000091200000, 0x0000000091300000, 0x0000000091300000|100%| E|CS|TAMS 0x0000000091200000, 0x0000000091200000| Complete 
| 275|0x0000000091300000, 0x0000000091400000, 0x0000000091400000|100%| E|CS|TAMS 0x0000000091300000, 0x0000000091300000| Complete 
| 276|0x0000000091400000, 0x0000000091500000, 0x0000000091500000|100%| E|CS|TAMS 0x0000000091400000, 0x0000000091400000| Complete 
| 277|0x0000000091500000, 0x0000000091600000, 0x0000000091600000|100%| E|  |TAMS 0x0000000091500000, 0x0000000091500000| Complete 

Card table byte_map: [0x0000000015c60000,0x0000000016060000] _byte_map_base: 0x0000000015860000

Marking Bits (Prev, Next): (CMBitMap*) 0x000000000037c418, (CMBitMap*) 0x000000000037c450
 Prev Bits: [0x0000000016460000, 0x0000000018460000)
 Next Bits: [0x0000000018460000, 0x000000001a460000)

Polling page: 0x0000000000240000

Metaspace:

Usage:
  Non-class:    159.04 MB capacity,   156.22 MB ( 98%) used,     2.31 MB (  1%) free+waste,   533.13 KB ( <1%) overhead. 
      Class:     24.67 MB capacity,    23.03 MB ( 93%) used,     1.42 MB (  6%) free+waste,   234.63 KB ( <1%) overhead. 
       Both:    183.72 MB capacity,   179.25 MB ( 98%) used,     3.72 MB (  2%) free+waste,   767.75 KB ( <1%) overhead. 

Virtual space:
  Non-class space:      160.00 MB reserved,     159.12 MB (>99%) committed 
      Class space:        1.00 GB reserved,      24.75 MB (  2%) committed 
             Both:        1.16 GB reserved,     183.87 MB ( 16%) committed 

Chunk freelists:
   Non-Class:  10.00 KB
       Class:  13.00 KB
        Both:  23.00 KB

MaxMetaspaceSize: 17179869184.00 GB
CompressedClassSpaceSize: 1.00 GB

CodeHeap 'non-profiled nmethods': size=120064Kb used=17646Kb max_used=17646Kb free=102417Kb
 bounds [0x000000000dc20000, 0x000000000ed80000, 0x0000000015160000]
CodeHeap 'profiled nmethods': size=120000Kb used=50272Kb max_used=51828Kb free=69727Kb
 bounds [0x00000000066f0000, 0x00000000099b0000, 0x000000000dc20000]
CodeHeap 'non-nmethods': size=5696Kb used=2394Kb max_used=2466Kb free=3301Kb
 bounds [0x0000000006160000, 0x00000000063e0000, 0x00000000066f0000]
 total_blobs=24156 nmethods=23119 adapters=947
 compilation: enabled
              stopped_count=0, restarted_count=0
 full_count=0

Compilation events (20 events):
Event: 2226.056 Thread 0x000000005d91f800 26950       3       java.util.concurrent.CopyOnWriteArraySet::add (9 bytes)
Event: 2226.057 Thread 0x000000005d91f800 nmethod 26950 0x0000000007ab6110 code [0x0000000007ab62e0, 0x0000000007ab65f8]
Event: 2226.057 Thread 0x000000005d91f800 26952       3       java.lang.Thread::setPriority (56 bytes)
Event: 2226.058 Thread 0x000000005d91f800 nmethod 26952 0x0000000007e8c710 code [0x0000000007e8c920, 0x0000000007e8ce08]
Event: 2226.087 Thread 0x000000005d91f800 26953       3       org.gradle.cache.internal.btree.FreeListBlockStore$FreeListEntry::<init> (7 bytes)
Event: 2226.088 Thread 0x000000005d91f800 nmethod 26953 0x0000000007b70690 code [0x0000000007b70840, 0x0000000007b70a58]
Event: 2226.088 Thread 0x000000005d91f800 26954       3       org.gradle.cache.internal.btree.FreeListBlockStore$FreeListEntry::<init> (15 bytes)
Event: 2226.088 Thread 0x000000005d91f800 nmethod 26954 0x00000000077f7490 code [0x00000000077f7640, 0x00000000077f77f8]
Event: 2226.089 Thread 0x000000005d91f800 26955       3       com.sun.org.apache.xerces.internal.impl.dtd.XMLDTDValidator::getPropertyDefault (36 bytes)
Event: 2226.089 Thread 0x000000005d91f800 nmethod 26955 0x0000000007d01010 code [0x0000000007d011e0, 0x0000000007d01488]
Event: 2226.089 Thread 0x000000005d91f800 26956       3       com.sun.org.apache.xerces.internal.jaxp.SAXParserFactoryImpl::getFromFeatures (36 bytes)
Event: 2226.090 Thread 0x000000005d91f800 nmethod 26956 0x0000000007d17890 code [0x0000000007d17a60, 0x0000000007d17dc8]
Event: 2226.090 Thread 0x000000005d91f800 26957       3       com.sun.org.apache.xerces.internal.util.ParserConfigurationSettings::getProperty (20 bytes)
Event: 2226.090 Thread 0x000000005d91f800 nmethod 26957 0x0000000007d21290 code [0x0000000007d21460, 0x0000000007d216e8]
Event: 2226.091 Thread 0x000000005d91f800 26958       3       com.sun.org.apache.xerces.internal.parsers.AbstractXMLDocumentParser::emptyElement (14 bytes)
Event: 2226.091 Thread 0x000000005d91f800 nmethod 26958 0x0000000007e19310 code [0x0000000007e194e0, 0x0000000007e19778]
Event: 2226.342 Thread 0x00000000616e7000 nmethod 26909 0x000000000ed6f890 code [0x000000000ed6fde0, 0x000000000ed74208]
Event: 2226.342 Thread 0x00000000616e7000 26903       4       org.gradle.api.internal.tasks.properties.AbstractPropertyNode::getQualifiedPropertyName (38 bytes)
Event: 2226.349 Thread 0x00000000616e7000 nmethod 26903 0x000000000e45b210 code [0x000000000e45b3c0, 0x000000000e45b7d8]
Event: 2226.349 Thread 0x00000000616e7000 26919       4       com.google.common.collect.AbstractMapBasedMultimap::<init> (19 bytes)

GC Heap History (20 events):
Event: 2047.857 GC heap before
{Heap before GC invocations=48 (full 0):
 garbage-first heap   total 284672K, used 224577K [0x0000000080000000, 0x0000000100000000)
  region size 1024K, 86 young (88064K), 1 survivors (1024K)
 Metaspace       used 151262K, capacity 155018K, committed 155256K, reserved 1183744K
  class space    used 19239K, capacity 20620K, committed 20736K, reserved 1048576K
}
Event: 2047.877 GC heap after
{Heap after GC invocations=49 (full 0):
 garbage-first heap   total 284672K, used 142870K [0x0000000080000000, 0x0000000100000000)
  region size 1024K, 6 young (6144K), 6 survivors (6144K)
 Metaspace       used 151262K, capacity 155018K, committed 155256K, reserved 1183744K
  class space    used 19239K, capacity 20620K, committed 20736K, reserved 1048576K
}
Event: 2049.612 GC heap before
{Heap before GC invocations=50 (full 0):
 garbage-first heap   total 284672K, used 227862K [0x0000000080000000, 0x0000000100000000)
  region size 1024K, 89 young (91136K), 6 survivors (6144K)
 Metaspace       used 157847K, capacity 161804K, committed 161912K, reserved 1189888K
  class space    used 20281K, capacity 21727K, committed 21760K, reserved 1048576K
}
Event: 2049.634 GC heap after
{Heap after GC invocations=51 (full 0):
 garbage-first heap   total 284672K, used 147991K [0x0000000080000000, 0x0000000100000000)
  region size 1024K, 11 young (11264K), 11 survivors (11264K)
 Metaspace       used 157847K, capacity 161804K, committed 161912K, reserved 1189888K
  class space    used 20281K, capacity 21727K, committed 21760K, reserved 1048576K
}
Event: 2049.658 GC heap before
{Heap before GC invocations=51 (full 0):
 garbage-first heap   total 284672K, used 150039K [0x0000000080000000, 0x0000000100000000)
  region size 1024K, 13 young (13312K), 11 survivors (11264K)
 Metaspace       used 157878K, capacity 161871K, committed 161912K, reserved 1189888K
  class space    used 20284K, capacity 21728K, committed 21760K, reserved 1048576K
}
Event: 2049.692 GC heap after
{Heap after GC invocations=52 (full 0):
 garbage-first heap   total 284672K, used 144173K [0x0000000080000000, 0x0000000100000000)
  region size 1024K, 2 young (2048K), 2 survivors (2048K)
 Metaspace       used 157878K, capacity 161871K, committed 161912K, reserved 1189888K
  class space    used 20284K, capacity 21728K, committed 21760K, reserved 1048576K
}
Event: 2053.620 GC heap before
{Heap before GC invocations=52 (full 0):
 garbage-first heap   total 284672K, used 230189K [0x0000000080000000, 0x0000000100000000)
  region size 1024K, 86 young (88064K), 2 survivors (2048K)
 Metaspace       used 162636K, capacity 166786K, committed 167032K, reserved 1193984K
  class space    used 20952K, capacity 22469K, committed 22528K, reserved 1048576K
}
Event: 2053.647 GC heap after
{Heap after GC invocations=53 (full 0):
 garbage-first heap   total 284672K, used 148407K [0x0000000080000000, 0x0000000100000000)
  region size 1024K, 6 young (6144K), 6 survivors (6144K)
 Metaspace       used 162636K, capacity 166786K, committed 167032K, reserved 1193984K
  class space    used 20952K, capacity 22469K, committed 22528K, reserved 1048576K
}
Event: 2054.631 GC heap before
{Heap before GC invocations=54 (full 0):
 garbage-first heap   total 284672K, used 162743K [0x0000000080000000, 0x0000000100000000)
  region size 1024K, 21 young (21504K), 6 survivors (6144K)
 Metaspace       used 164603K, capacity 168673K, committed 169080K, reserved 1196032K
  class space    used 21176K, capacity 22650K, committed 22784K, reserved 1048576K
}
Event: 2054.648 GC heap after
{Heap after GC invocations=55 (full 0):
 garbage-first heap   total 284672K, used 149881K [0x0000000080000000, 0x0000000100000000)
  region size 1024K, 7 young (7168K), 7 survivors (7168K)
 Metaspace       used 164603K, capacity 168673K, committed 169080K, reserved 1196032K
  class space    used 21176K, capacity 22650K, committed 22784K, reserved 1048576K
}
Event: 2057.370 GC heap before
{Heap before GC invocations=56 (full 0):
 garbage-first heap   total 284672K, used 217465K [0x0000000080000000, 0x0000000100000000)
  region size 1024K, 73 young (74752K), 7 survivors (7168K)
 Metaspace       used 171329K, capacity 175474K, committed 175736K, reserved 1202176K
  class space    used 21984K, capacity 23495K, committed 23552K, reserved 1048576K
}
Event: 2057.407 GC heap after
{Heap after GC invocations=57 (full 0):
 garbage-first heap   total 284672K, used 153140K [0x0000000080000000, 0x0000000100000000)
  region size 1024K, 5 young (5120K), 5 survivors (5120K)
 Metaspace       used 171329K, capacity 175474K, committed 175736K, reserved 1202176K
  class space    used 21984K, capacity 23495K, committed 23552K, reserved 1048576K
}
Event: 2059.109 GC heap before
{Heap before GC invocations=58 (full 0):
 garbage-first heap   total 284672K, used 224820K [0x0000000080000000, 0x0000000100000000)
  region size 1024K, 75 young (76800K), 5 survivors (5120K)
 Metaspace       used 172141K, capacity 176301K, committed 176632K, reserved 1202176K
  class space    used 22057K, capacity 23600K, committed 23680K, reserved 1048576K
}
Event: 2059.126 GC heap after
{Heap after GC invocations=59 (full 0):
 garbage-first heap   total 284672K, used 156411K [0x0000000080000000, 0x0000000100000000)
  region size 1024K, 8 young (8192K), 8 survivors (8192K)
 Metaspace       used 172141K, capacity 176301K, committed 176632K, reserved 1202176K
  class space    used 22057K, capacity 23600K, committed 23680K, reserved 1048576K
}
Event: 2060.965 GC heap before
{Heap before GC invocations=59 (full 0):
 garbage-first heap   total 284672K, used 228091K [0x0000000080000000, 0x0000000100000000)
  region size 1024K, 79 young (80896K), 8 survivors (8192K)
 Metaspace       used 173227K, capacity 177464K, committed 177528K, reserved 1204224K
  class space    used 22194K, capacity 23754K, committed 23808K, reserved 1048576K
}
Event: 2061.058 GC heap after
{Heap after GC invocations=60 (full 0):
 garbage-first heap   total 284672K, used 157261K [0x0000000080000000, 0x0000000100000000)
  region size 1024K, 5 young (5120K), 5 survivors (5120K)
 Metaspace       used 173227K, capacity 177464K, committed 177528K, reserved 1204224K
  class space    used 22194K, capacity 23754K, committed 23808K, reserved 1048576K
}
Event: 2067.219 GC heap before
{Heap before GC invocations=61 (full 0):
 garbage-first heap   total 284672K, used 230989K [0x0000000080000000, 0x0000000100000000)
  region size 1024K, 77 young (78848K), 5 survivors (5120K)
 Metaspace       used 181080K, capacity 185462K, committed 185592K, reserved 1210368K
  class space    used 23278K, capacity 24950K, committed 24960K, reserved 1048576K
}
Event: 2067.279 GC heap after
{Heap after GC invocations=62 (full 0):
 garbage-first heap   total 284672K, used 161623K [0x0000000080000000, 0x0000000100000000)
  region size 1024K, 9 young (9216K), 9 survivors (9216K)
 Metaspace       used 181080K, capacity 185462K, committed 185592K, reserved 1210368K
  class space    used 23278K, capacity 24950K, committed 24960K, reserved 1048576K
}
Event: 2225.603 GC heap before
{Heap before GC invocations=62 (full 0):
 garbage-first heap   total 284672K, used 233303K [0x0000000080000000, 0x0000000100000000)
  region size 1024K, 80 young (81920K), 9 survivors (9216K)
 Metaspace       used 182874K, capacity 187468K, committed 187640K, reserved 1212416K
  class space    used 23483K, capacity 25158K, committed 25216K, reserved 1048576K
}
Event: 2225.694 GC heap after
{Heap after GC invocations=63 (full 0):
 garbage-first heap   total 284672K, used 166539K [0x0000000080000000, 0x0000000100000000)
  region size 1024K, 10 young (10240K), 10 survivors (10240K)
 Metaspace       used 182874K, capacity 187468K, committed 187640K, reserved 1212416K
  class space    used 23483K, capacity 25158K, committed 25216K, reserved 1048576K
}

Deoptimization events (20 events):
Event: 2225.290 Thread 0x000000006010f800 Uncommon trap: trap_request=0xffffffc6 fr.pc=0x000000000e4012ec relative=0x000000000000128c
Event: 2225.290 Thread 0x000000006010f800 Uncommon trap: reason=bimorphic_or_optimized_type_check action=maybe_recompile pc=0x000000000e4012ec method=java.util.TreeMap.put(Ljava/lang/Object;Ljava/lang/Object;)Ljava/lang/Object; @ 141 c2
Event: 2225.290 Thread 0x000000006010f800 DEOPT PACKING pc=0x000000000e4012ec sp=0x000000006389bb80
Event: 2225.290 Thread 0x000000006010f800 DEOPT UNPACKING pc=0x00000000061876af sp=0x000000006389bb58 mode 2
Event: 2225.403 Thread 0x000000006010f800 Uncommon trap: trap_request=0xffffffc6 fr.pc=0x000000000e4012ec relative=0x000000000000128c
Event: 2225.403 Thread 0x000000006010f800 Uncommon trap: reason=bimorphic_or_optimized_type_check action=maybe_recompile pc=0x000000000e4012ec method=java.util.TreeMap.put(Ljava/lang/Object;Ljava/lang/Object;)Ljava/lang/Object; @ 141 c2
Event: 2225.403 Thread 0x000000006010f800 DEOPT PACKING pc=0x000000000e4012ec sp=0x000000006389bb80
Event: 2225.403 Thread 0x000000006010f800 DEOPT UNPACKING pc=0x00000000061876af sp=0x000000006389bb58 mode 2
Event: 2225.403 Thread 0x000000006010f800 Uncommon trap: trap_request=0xffffffc6 fr.pc=0x000000000e4012ec relative=0x000000000000128c
Event: 2225.403 Thread 0x000000006010f800 Uncommon trap: reason=bimorphic_or_optimized_type_check action=maybe_recompile pc=0x000000000e4012ec method=java.util.TreeMap.put(Ljava/lang/Object;Ljava/lang/Object;)Ljava/lang/Object; @ 141 c2
Event: 2225.403 Thread 0x000000006010f800 DEOPT PACKING pc=0x000000000e4012ec sp=0x000000006389bb80
Event: 2225.403 Thread 0x000000006010f800 DEOPT UNPACKING pc=0x00000000061876af sp=0x000000006389bb58 mode 2
Event: 2225.421 Thread 0x000000006010f800 Uncommon trap: trap_request=0xffffffd6 fr.pc=0x000000000dd10504 relative=0x0000000000001464
Event: 2225.421 Thread 0x000000006010f800 Uncommon trap: reason=array_check action=maybe_recompile pc=0x000000000dd10504 method=java.util.TimSort.mergeHi(IIII)V @ 250 c2
Event: 2225.421 Thread 0x000000006010f800 DEOPT PACKING pc=0x000000000dd10504 sp=0x000000006389a8e0
Event: 2225.421 Thread 0x000000006010f800 DEOPT UNPACKING pc=0x00000000061876af sp=0x000000006389a8a8 mode 2
Event: 2225.818 Thread 0x000000006010f800 DEOPT PACKING pc=0x0000000007401db0 sp=0x0000000063898f30
Event: 2225.818 Thread 0x000000006010f800 DEOPT UNPACKING pc=0x00000000061874ce sp=0x0000000063898410 mode 0
Event: 2225.878 Thread 0x000000006010f800 DEOPT PACKING pc=0x0000000008d4b180 sp=0x0000000063898320
Event: 2225.878 Thread 0x000000006010f800 DEOPT UNPACKING pc=0x00000000061874ce sp=0x00000000638977f0 mode 0

Classes redefined (0 events):
No events

Internal exceptions (20 events):
Event: 2225.507 Thread 0x000000006010f800 Exception <a 'java/lang/ClassNotFoundException'{0x000000008d185bd0}: com/android/build/gradle/internal/tasks/NewIncrementalTaskBeanInfo> (0x000000008d185bd0) thrown at [./src/hotspot/share/classfile/systemDictionary.cpp, line 231]
Event: 2225.508 Thread 0x000000006010f800 Exception <a 'java/lang/ClassNotFoundException'{0x000000008d19ddd8}: com/android/build/gradle/internal/tasks/AndroidVariantTaskBeanInfo> (0x000000008d19ddd8) thrown at [./src/hotspot/share/classfile/systemDictionary.cpp, line 231]
Event: 2225.509 Thread 0x000000006010f800 Exception <a 'java/lang/ClassNotFoundException'{0x000000008d1b4318}: com/android/build/gradle/internal/tasks/BaseTaskBeanInfo> (0x000000008d1b4318) thrown at [./src/hotspot/share/classfile/systemDictionary.cpp, line 231]
Event: 2225.510 Thread 0x000000006010f800 Exception <a 'java/lang/ClassNotFoundException'{0x000000008d1cb548}: com/android/build/gradle/internal/tasks/BaseTaskCustomizer> (0x000000008d1cb548) thrown at [./src/hotspot/share/classfile/systemDictionary.cpp, line 231]
Event: 2225.589 Thread 0x000000006010f800 Exception <a 'java/lang/ClassNotFoundException'{0x000000008d0d6b78}: com/android/build/gradle/internal/tasks/AndroidVariantTaskCustomizer> (0x000000008d0d6b78) thrown at [./src/hotspot/share/classfile/systemDictionary.cpp, line 231]
Event: 2225.591 Thread 0x000000006010f800 Exception <a 'java/lang/ClassNotFoundException'{0x000000008d0fcb38}: com/android/build/gradle/internal/tasks/NewIncrementalTaskCustomizer> (0x000000008d0fcb38) thrown at [./src/hotspot/share/classfile/systemDictionary.cpp, line 231]
Event: 2225.592 Thread 0x000000006010f800 Exception <a 'java/lang/ClassNotFoundException'{0x000000008cf20468}: com/android/build/gradle/tasks/MergeResourcesCustomizer> (0x000000008cf20468) thrown at [./src/hotspot/share/classfile/systemDictionary.cpp, line 231]
Event: 2225.596 Thread 0x000000006010f800 Exception <a 'java/lang/ClassNotFoundException'{0x000000008cf71868}: com/android/build/gradle/tasks/MergeResources_DecoratedCustomizer> (0x000000008cf71868) thrown at [./src/hotspot/share/classfile/systemDictionary.cpp, line 231]
Event: 2225.766 Thread 0x000000006010f800 Exception <a 'java/lang/ClassNotFoundException'{0x00000000913eb6a0}: com/google/gms/googleservices/GoogleServicesTask_DecoratedBeanInfo> (0x00000000913eb6a0) thrown at [./src/hotspot/share/classfile/systemDictionary.cpp, line 231]
Event: 2225.766 Thread 0x000000006010f800 Exception <a 'java/lang/ClassNotFoundException'{0x0000000091201530}: com/google/gms/googleservices/GoogleServicesTaskBeanInfo> (0x0000000091201530) thrown at [./src/hotspot/share/classfile/systemDictionary.cpp, line 231]
Event: 2225.767 Thread 0x000000006010f800 Exception <a 'java/lang/ClassNotFoundException'{0x0000000091217410}: com/google/gms/googleservices/GoogleServicesTaskCustomizer> (0x0000000091217410) thrown at [./src/hotspot/share/classfile/systemDictionary.cpp, line 231]
Event: 2225.769 Thread 0x000000006010f800 Exception <a 'java/lang/ClassNotFoundException'{0x0000000091242b38}: com/google/gms/googleservices/GoogleServicesTask_DecoratedCustomizer> (0x0000000091242b38) thrown at [./src/hotspot/share/classfile/systemDictionary.cpp, line 231]
Event: 2225.785 Thread 0x000000006010f800 Exception <a 'java/lang/ClassNotFoundException'{0x0000000091122d50}: com/android/build/gradle/internal/api/ReadOnlyBuildTypeBeanInfo> (0x0000000091122d50) thrown at [./src/hotspot/share/classfile/systemDictionary.cpp, line 231]
Event: 2225.785 Thread 0x000000006010f800 Exception <a 'java/lang/ClassNotFoundException'{0x00000000911397b0}: com/android/build/gradle/internal/api/ReadOnlyBaseConfigBeanInfo> (0x00000000911397b0) thrown at [./src/hotspot/share/classfile/systemDictionary.cpp, line 231]
Event: 2225.786 Thread 0x000000006010f800 Exception <a 'java/lang/ClassNotFoundException'{0x0000000091150c98}: com/android/build/gradle/internal/api/ReadOnlyBaseConfigCustomizer> (0x0000000091150c98) thrown at [./src/hotspot/share/classfile/systemDictionary.cpp, line 231]
Event: 2225.788 Thread 0x000000006010f800 Exception <a 'java/lang/ClassNotFoundException'{0x0000000091177d90}: com/android/build/gradle/internal/api/ReadOnlyBuildTypeCustomizer> (0x0000000091177d90) thrown at [./src/hotspot/share/classfile/systemDictionary.cpp, line 231]
Event: 2225.820 Thread 0x000000006010f800 Exception <a 'java/lang/ClassNotFoundException'{0x00000000910d1a70}: com/android/build/gradle/internal/api/ImmutableFlavorListBeanInfo> (0x00000000910d1a70) thrown at [./src/hotspot/share/classfile/systemDictionary.cpp, line 231]
Event: 2225.821 Thread 0x000000006010f800 Exception <a 'java/lang/ClassNotFoundException'{0x00000000910e9480}: com/android/build/gradle/internal/api/ImmutableFlavorListCustomizer> (0x00000000910e9480) thrown at [./src/hotspot/share/classfile/systemDictionary.cpp, line 231]
Event: 2226.085 Thread 0x00000000616e1800 Exception <a 'java/lang/NoSuchMethodError'{0x000000009067acd8}: <clinit>> (0x000000009067acd8) thrown at [./src/hotspot/share/prims/jni.cpp, line 1362]
Event: 2226.087 Thread 0x00000000616e1800 Exception <a 'java/lang/NoSuchMethodError'{0x00000000906d6ba8}: <clinit>> (0x00000000906d6ba8) thrown at [./src/hotspot/share/prims/jni.cpp, line 1362]

Events (20 events):
Event: 2225.997 Executing VM operation: RevokeBias
Event: 2225.997 Executing VM operation: RevokeBias done
Event: 2225.998 Executing VM operation: RevokeBias
Event: 2225.998 Executing VM operation: RevokeBias done
Event: 2225.998 Executing VM operation: RevokeBias
Event: 2225.998 Executing VM operation: RevokeBias done
Event: 2225.998 Executing VM operation: RevokeBias
Event: 2225.999 Executing VM operation: RevokeBias done
Event: 2225.999 Executing VM operation: RevokeBias
Event: 2225.999 Executing VM operation: RevokeBias done
Event: 2226.036 Executing VM operation: RevokeBias
Event: 2226.037 Executing VM operation: RevokeBias done
Event: 2226.052 Thread 0x00000000616e1800 Thread added: 0x00000000616e1800
Event: 2226.054 Thread 0x00000000623d8800 Thread added: 0x00000000623d8800
Event: 2226.054 Thread 0x00000000623da800 Thread added: 0x00000000623da800
Event: 2226.056 Thread 0x00000000623d9800 Thread added: 0x00000000623d9800
Event: 2226.067 Executing VM operation: RevokeBias
Event: 2226.069 Thread 0x00000000623db000 Thread added: 0x00000000623db000
Event: 2226.082 Executing VM operation: RevokeBias done
Event: 2226.349 Executing VM operation: CGC_Operation


Dynamic libraries:
0x000000013f9e0000 - 0x000000013f9ea000 	C:\Program Files\Android\Android Studio\jre\bin\java.exe
0x0000000077410000 - 0x00000000775b9000 	C:\Windows\SYSTEM32\ntdll.dll
0x00000000772f0000 - 0x000000007740f000 	C:\Windows\system32\kernel32.dll
0x000007fefd6c0000 - 0x000007fefd72b000 	C:\Windows\system32\KERNELBASE.dll
0x000007fef3eb0000 - 0x000007fef3ec9000 	C:\Program Files\Android\Android Studio\jre\bin\jli.dll
0x000007fefc460000 - 0x000007fefc654000 	C:\Windows\WinSxS\amd64_microsoft.windows.common-controls_6595b64144ccf1df_6.0.7601.17514_none_fa396087175ac9ac\COMCTL32.dll
0x000007fefdb80000 - 0x000007fefdc1f000 	C:\Windows\system32\msvcrt.dll
0x000007fefe4a0000 - 0x000007fefe507000 	C:\Windows\system32\GDI32.dll
0x00000000771f0000 - 0x00000000772ea000 	C:\Windows\system32\USER32.dll
0x000007fefe250000 - 0x000007fefe25e000 	C:\Windows\system32\LPK.dll
0x000007feff3c0000 - 0x000007feff489000 	C:\Windows\system32\USP10.dll
0x000007feff2a0000 - 0x000007feff311000 	C:\Windows\system32\SHLWAPI.dll
0x000007fefa540000 - 0x000007fefa557000 	C:\Program Files\Android\Android Studio\jre\bin\VCRUNTIME140.dll
0x000007fefb930000 - 0x000007fefb934000 	C:\Windows\system32\api-ms-win-crt-runtime-l1-1-0.dll
0x000007fef9d50000 - 0x000007fef9e46000 	C:\Windows\system32\ucrtbase.DLL
0x000007fefae10000 - 0x000007fefae13000 	C:\Windows\system32\api-ms-win-core-localization-l1-2-0.dll
0x000007fefa570000 - 0x000007fefa573000 	C:\Windows\system32\api-ms-win-core-processthreads-l1-1-1.dll
0x000007fefa560000 - 0x000007fefa563000 	C:\Windows\system32\api-ms-win-core-file-l1-2-0.dll
0x000007fefa530000 - 0x000007fefa533000 	C:\Windows\system32\api-ms-win-core-timezone-l1-1-0.dll
0x000007fefa520000 - 0x000007fefa523000 	C:\Windows\system32\api-ms-win-core-file-l2-1-0.dll
0x000007fefa510000 - 0x000007fefa513000 	C:\Windows\system32\api-ms-win-core-synch-l1-2-0.dll
0x000007fefa500000 - 0x000007fefa504000 	C:\Windows\system32\api-ms-win-crt-string-l1-1-0.dll
0x000007fef9f40000 - 0x000007fef9f43000 	C:\Windows\system32\api-ms-win-crt-heap-l1-1-0.dll
0x000007fef9f30000 - 0x000007fef9f34000 	C:\Windows\system32\api-ms-win-crt-stdio-l1-1-0.dll
0x000007fef9f20000 - 0x000007fef9f24000 	C:\Windows\system32\api-ms-win-crt-convert-l1-1-0.dll
0x000007fef9f10000 - 0x000007fef9f13000 	C:\Windows\system32\api-ms-win-crt-environment-l1-1-0.dll
0x000007fef9ee0000 - 0x000007fef9ee3000 	C:\Windows\system32\api-ms-win-crt-filesystem-l1-1-0.dll
0x000007fef9ef0000 - 0x000007fef9ef5000 	C:\Windows\system32\api-ms-win-crt-math-l1-1-0.dll
0x000007fef41b0000 - 0x000007fef41b3000 	C:\Windows\system32\api-ms-win-crt-locale-l1-1-0.dll
0x000007fefd860000 - 0x000007fefd88e000 	C:\Windows\system32\IMM32.DLL
0x000007fefe260000 - 0x000007fefe369000 	C:\Windows\system32\MSCTF.dll
0x000007fede110000 - 0x000007fede1ad000 	C:\Program Files\Android\Android Studio\jre\bin\msvcp140.dll
0x000007fef41a0000 - 0x000007fef41a5000 	C:\Windows\system32\api-ms-win-crt-multibyte-l1-1-0.dll
0x000007fef9ed0000 - 0x000007fef9ed3000 	C:\Windows\system32\api-ms-win-crt-time-l1-1-0.dll
0x000007fef9f00000 - 0x000007fef9f03000 	C:\Windows\system32\api-ms-win-crt-utility-l1-1-0.dll
0x000007fedc8c0000 - 0x000007fedd38f000 	C:\Program Files\Android\Android Studio\jre\bin\server\jvm.dll
0x000007fefd890000 - 0x000007fefd96b000 	C:\Windows\system32\ADVAPI32.dll
0x000007fefdcd0000 - 0x000007fefdcef000 	C:\Windows\SYSTEM32\sechost.dll
0x000007fefd730000 - 0x000007fefd85d000 	C:\Windows\system32\RPCRT4.dll
0x000007fef98a0000 - 0x000007fef98a9000 	C:\Windows\system32\WSOCK32.dll
0x000007fefdc80000 - 0x000007fefdccd000 	C:\Windows\system32\WS2_32.dll
0x000007feff490000 - 0x000007feff498000 	C:\Windows\system32\NSI.dll
0x000007fefbc10000 - 0x000007fefbc4b000 	C:\Windows\system32\WINMM.dll
0x000007fefc160000 - 0x000007fefc16c000 	C:\Windows\system32\VERSION.dll
0x00000000775d0000 - 0x00000000775d7000 	C:\Windows\system32\PSAPI.DLL
0x000007fef9eb0000 - 0x000007fef9ec1000 	C:\Program Files\Android\Android Studio\jre\bin\verify.dll
0x000007feeccf0000 - 0x000007feece15000 	C:\Windows\system32\DBGHELP.DLL
0x000007fef9e80000 - 0x000007fef9ea9000 	C:\Program Files\Android\Android Studio\jre\bin\java.dll
0x000007fef9e70000 - 0x000007fef9e7b000 	C:\Program Files\Android\Android Studio\jre\bin\jimage.dll
0x000007fef9e50000 - 0x000007fef9e68000 	C:\Program Files\Android\Android Studio\jre\bin\zip.dll
0x000007fefe510000 - 0x000007feff298000 	C:\Windows\system32\SHELL32.dll
0x000007fefd970000 - 0x000007fefdb73000 	C:\Windows\system32\ole32.dll
0x000007fefd360000 - 0x000007fefd36f000 	C:\Windows\system32\profapi.dll
0x000007fef4350000 - 0x000007fef436a000 	C:\Program Files\Android\Android Studio\jre\bin\net.dll
0x000007fef97e0000 - 0x000007fef9851000 	C:\Windows\system32\WINHTTP.dll
0x000007fef9770000 - 0x000007fef97d4000 	C:\Windows\system32\webio.dll
0x000007fefcbd0000 - 0x000007fefcc25000 	C:\Windows\system32\mswsock.dll
0x000007fefcbc0000 - 0x000007fefcbc7000 	C:\Windows\System32\wship6.dll
0x000007fef41e0000 - 0x000007fef41f4000 	C:\Program Files\Android\Android Studio\jre\bin\nio.dll
0x000007fef3ef0000 - 0x000007fef3f17000 	C:\Users\Administrador\AndroidStudioProjects\mobile_20212_appdemo-master\native\8bec1ad78214c89d9ad589b4d07fe93259594b29d510b10fafb7a158f7737e5d\windows-amd64\native-platform.dll
0x000007fed0140000 - 0x000007fed027d000 	C:\Users\Administrador\AndroidStudioProjects\mobile_20212_appdemo-master\native\53dbd7edfb1c66fb8903c78663c9afc45aea4f116125fa6feffd364cf09443e8\windows-amd64\native-platform-file-events.dll
0x000007fef9d40000 - 0x000007fef9d4a000 	C:\Program Files\Android\Android Studio\jre\bin\management.dll
0x000007fef41d0000 - 0x000007fef41dc000 	C:\Program Files\Android\Android Studio\jre\bin\management_ext.dll
0x000007fefcc30000 - 0x000007fefcc48000 	C:\Windows\system32\CRYPTSP.dll
0x000007fefc930000 - 0x000007fefc977000 	C:\Windows\system32\rsaenh.dll
0x000007fefc350000 - 0x000007fefc36e000 	C:\Windows\system32\USERENV.dll
0x000007fefd290000 - 0x000007fefd29f000 	C:\Windows\system32\CRYPTBASE.dll
0x000007fefafd0000 - 0x000007fefaff7000 	C:\Windows\system32\IPHLPAPI.DLL
0x000007fefafb0000 - 0x000007fefafbb000 	C:\Windows\system32\WINNSI.DLL
0x000007fefacb0000 - 0x000007fefacc8000 	C:\Windows\system32\dhcpcsvc.DLL
0x000007fefac90000 - 0x000007fefaca1000 	C:\Windows\system32\dhcpcsvc6.DLL
0x000007fefd230000 - 0x000007fefd287000 	C:\Windows\system32\apphelp.dll
0x000007feed690000 - 0x000007feed6b7000 	C:\Program Files\Android\Android Studio\jre\bin\sunec.dll
0x000007fefc230000 - 0x000007fefc237000 	C:\Windows\System32\wshtcpip.dll
0x000007fefca50000 - 0x000007fefcaab000 	C:\Windows\system32\DNSAPI.dll
0x000007fef5880000 - 0x000007fef5888000 	C:\Windows\system32\rasadhlp.dll
0x000007fefae80000 - 0x000007fefaed3000 	C:\Windows\System32\fwpuclnt.dll

dbghelp: loaded successfully - version: 4.0.5 - missing functions: none
symbol engine: initialized successfully - sym options: 0x614 - pdb path: .;C:\Program Files\Android\Android Studio\jre\bin;C:\Windows\SYSTEM32;C:\Windows\WinSxS\amd64_microsoft.windows.common-controls_6595b64144ccf1df_6.0.7601.17514_none_fa396087175ac9ac;C:\Program Files\Android\Android Studio\jre\bin\server;C:\Users\Administrador\AndroidStudioProjects\mobile_20212_appdemo-master\native\8bec1ad78214c89d9ad589b4d07fe93259594b29d510b10fafb7a158f7737e5d\windows-amd64;C:\Users\Administrador\AndroidStudioProjects\mobile_20212_appdemo-master\native\53dbd7edfb1c66fb8903c78663c9afc45aea4f116125fa6feffd364cf09443e8\windows-amd64

VM Arguments:
jvm_args: --add-opens=java.base/java.util=ALL-UNNAMED --add-opens=java.base/java.lang=ALL-UNNAMED --add-opens=java.base/java.lang.invoke=ALL-UNNAMED --add-opens=java.base/java.util=ALL-UNNAMED --add-opens=java.prefs/java.util.prefs=ALL-UNNAMED --add-opens=java.prefs/java.util.prefs=ALL-UNNAMED --add-opens=java.base/java.nio.charset=ALL-UNNAMED --add-opens=java.base/java.net=ALL-UNNAMED --add-opens=java.base/java.util.concurrent.atomic=ALL-UNNAMED -Xmx2048m -Dfile.encoding=UTF-8 -Duser.country=BR -Duser.language=pt -Duser.variant 
java_command: org.gradle.launcher.daemon.bootstrap.GradleDaemon 7.0.2
java_class_path (initial): C:\Users\Administrador\AndroidStudioProjects\mobile_20212_appdemo-master\wrapper\dists\gradle-7.0.2-bin\857tjihv64xamwrf0h14cai3r\gradle-7.0.2\lib\gradle-launcher-7.0.2.jar
Launcher Type: SUN_STANDARD

[Global flags]
     intx CICompilerCount                          = 3                                         {product} {ergonomic}
     uint ConcGCThreads                            = 1                                         {product} {ergonomic}
     uint G1ConcRefinementThreads                  = 4                                         {product} {ergonomic}
   size_t G1HeapRegionSize                         = 1048576                                   {product} {ergonomic}
    uintx GCDrainStackTargetSize                   = 64                                        {product} {ergonomic}
   size_t InitialHeapSize                          = 201326592                                 {product} {ergonomic}
   size_t MarkStackSize                            = 4194304                                   {product} {ergonomic}
   size_t MaxHeapSize                              = 2147483648                                {product} {command line}
   size_t MaxNewSize                               = 1287651328                                {product} {ergonomic}
   size_t MinHeapDeltaBytes                        = 1048576                                   {product} {ergonomic}
    uintx NonNMethodCodeHeapSize                   = 5830732                                {pd product} {ergonomic}
    uintx NonProfiledCodeHeapSize                  = 122913754                              {pd product} {ergonomic}
    uintx ProfiledCodeHeapSize                     = 122913754                              {pd product} {ergonomic}
    uintx ReservedCodeCacheSize                    = 251658240                              {pd product} {ergonomic}
     bool SegmentedCodeCache                       = true                                      {product} {ergonomic}
     bool UseCompressedClassPointers               = true                                 {lp64_product} {ergonomic}
     bool UseCompressedOops                        = true                                 {lp64_product} {ergonomic}
     bool UseG1GC                                  = true                                      {product} {ergonomic}
     bool UseLargePagesIndividualAllocation        = false                                  {pd product} {ergonomic}

Logging:
Log output configuration:
 #0: stdout all=warning uptime,level,tags
 #1: stderr all=off uptime,level,tags

Environment Variables:
PATH=C:\Program Files (x86)\Common Files\Oracle\Java\javapath;C:\Program Files (x86)\Intel\iCLS Client\;C:\Program Files\Intel\iCLS Client\;C:\Program Files\Broadcom\Broadcom 802.11 Network Adapter;C:\Windows\system32;C:\Windows;C:\Windows\System32\Wbem;C:\Windows\System32\WindowsPowerShell\v1.0\;C:\Program Files\Intel\Intel(R) Management Engine Components\DAL;C:\Program Files\Intel\Intel(R) Management Engine Components\IPT;C:\Program Files (x86)\Intel\Intel(R) Management Engine Components\DAL;C:\Program Files (x86)\Intel\Intel(R) Management Engine Components\IPT;C:\Program Files (x86)\Intel\OpenCL SDK\2.0\bin\x86;C:\Program Files (x86)\Intel\OpenCL SDK\2.0\bin\x64;C:\Program Files\WIDCOMM\Bluetooth Software\;C:\Program Files\WIDCOMM\Bluetooth Software\syswow64;C:\Program Files\Git\cmd
USERNAME=Administrador
OS=Windows_NT
PROCESSOR_IDENTIFIER=Intel64 Family 6 Model 58 Stepping 9, GenuineIntel



---------------  S Y S T E M  ---------------

OS: Windows 7 , 64 bit Build 7601 (6.1.7601.17514)
OS uptime: 0 days 1:33 hours

CPU:total 4 (initial active 4) (2 cores per cpu, 2 threads per core) family 6 model 58 stepping 9 microcode 0x0, cmov, cx8, fxsr, mmx, sse, sse2, sse3, ssse3, sse4.1, sse4.2, popcnt, avx, aes, clmul, erms, ht, tsc, tscinvbit, tscinv

Memory: 4k page, system-wide physical 12169M (5431M free)
TotalPageFile size 24337M (AvailPageFile size 14312M)
current process WorkingSet (physical memory assigned to process): 720M, peak: 732M
current process commit charge ("private bytes"): 747M, peak: 760M

vm_info: OpenJDK 64-Bit Server VM (11.0.10+0-b96-7249189) for windows-amd64 JRE (11.0.10+0-b96-7249189), built on Mar 31 2021 21:44:00 by "builder" with MS VC++ 14.0 (VS2015)

END.
